2023-10-11 16:51:01,087 INFO m.ApplicationManager [ApplicationManager.java:35] Test started on FireFox
2023-10-11 16:51:01,775 INFO m.ApplicationManager [ApplicationManager.java:39] Navigated to the link ---> https://telranedu.web.app/home
2023-10-11 16:51:01,856 INFO t.TestBase [TestBase.java:34] Started test ----> loginNegativeTestWrongEmail
2023-10-11 16:51:01,861 INFO m.NGListener [NGListener.java:16] Start of the test --> loginNegativeTestWrongEmail
2023-10-11 16:51:01,863 INFO m.WDListener [WDListener.java:21] Start searching element by locator --> By.xpath: //*[.='LOGIN']
2023-10-11 16:51:01,892 INFO m.WDListener [WDListener.java:27] Element with locator --> By.xpath: //*[.='LOGIN'] is found
2023-10-11 16:51:02,158 INFO m.WDListener [WDListener.java:21] Start searching element by locator --> By.xpath: //input[1]
2023-10-11 16:51:02,167 INFO m.WDListener [WDListener.java:27] Element with locator --> By.xpath: //input[1] is found
2023-10-11 16:51:02,434 INFO m.WDListener [WDListener.java:21] Start searching element by locator --> By.xpath: //input[2]
2023-10-11 16:51:02,441 INFO m.WDListener [WDListener.java:27] Element with locator --> By.xpath: //input[2] is found
2023-10-11 16:51:02,705 INFO m.WDListener [WDListener.java:21] Start searching element by locator --> By.xpath: //button[1]
2023-10-11 16:51:02,713 INFO m.WDListener [WDListener.java:27] Element with locator --> By.xpath: //button[1] is found
2023-10-11 16:51:04,030 INFO m.NGListener [NGListener.java:22] Success test --> loginNegativeTestWrongEmail
2023-10-11 16:51:04,032 INFO t.TestBase [TestBase.java:39] Finished test ----> loginNegativeTestWrongEmail
2023-10-11 16:51:04,032 INFO t.TestBase [TestBase.java:40] ================================================================
2023-10-11 16:51:04,034 INFO t.TestBase [TestBase.java:34] Started test ----> loginPositiveTest
2023-10-11 16:51:04,034 INFO m.NGListener [NGListener.java:16] Start of the test --> loginPositiveTest
2023-10-11 16:51:04,035 INFO m.WDListener [WDListener.java:21] Start searching element by locator --> By.xpath: //*[.='LOGIN']
2023-10-11 16:51:04,042 INFO m.WDListener [WDListener.java:27] Element with locator --> By.xpath: //*[.='LOGIN'] is found
2023-10-11 16:51:04,269 INFO m.WDListener [WDListener.java:21] Start searching element by locator --> By.xpath: //input[1]
2023-10-11 16:51:04,275 INFO m.WDListener [WDListener.java:27] Element with locator --> By.xpath: //input[1] is found
2023-10-11 16:51:04,546 INFO m.WDListener [WDListener.java:21] Start searching element by locator --> By.xpath: //input[2]
2023-10-11 16:51:04,554 INFO m.WDListener [WDListener.java:27] Element with locator --> By.xpath: //input[2] is found
2023-10-11 16:51:04,815 INFO m.WDListener [WDListener.java:21] Start searching element by locator --> By.xpath: //button[1]
2023-10-11 16:51:04,820 INFO m.WDListener [WDListener.java:27] Element with locator --> By.xpath: //button[1] is found
2023-10-11 16:51:08,054 INFO m.WDListener [WDListener.java:21] Start searching element by locator --> By.tagName: button
2023-10-11 16:51:08,073 INFO m.WDListener [WDListener.java:27] Element with locator --> By.tagName: button is found
2023-10-11 16:51:08,074 INFO m.NGListener [NGListener.java:22] Success test --> loginPositiveTest
2023-10-11 16:51:08,075 INFO t.TestBase [TestBase.java:39] Finished test ----> loginPositiveTest
2023-10-11 16:51:08,075 INFO t.TestBase [TestBase.java:40] ================================================================
2023-10-11 16:51:08,076 INFO t.TestBase [TestBase.java:34] Started test ----> loginPositiveTestModel
2023-10-11 16:51:08,077 INFO m.NGListener [NGListener.java:16] Start of the test --> loginPositiveTestModel
2023-10-11 16:51:08,079 INFO m.WDListener [WDListener.java:21] Start searching element by locator --> By.xpath: //*[.='LOGIN']
2023-10-11 16:51:11,091 INFO m.WDListener [WDListener.java:34] Something went wrong!!!
2023-10-11 16:51:11,091 INFO m.WDListener [WDListener.java:35] Unable to locate element: //*[.='LOGIN']
For documentation on this error, please visit: https://www.seleniumhq.org/exceptions/no_such_element.html
Build info: version: '3.141.59', revision: 'e82be7d358', time: '2018-11-14T08:17:03'
System info: host: 'LAPTOP-7OQN3UU0', ip: '10.100.102.10', os.name: 'Windows 10', os.arch: 'amd64', os.version: '10.0', java.version: '15.0.2'
Driver info: org.openqa.selenium.firefox.FirefoxDriver
Capabilities {acceptInsecureCerts: true, browserName: firefox, browserVersion: 118.0.2, javascriptEnabled: true, moz:accessibilityChecks: false, moz:buildID: 20231009140911, moz:geckodriverVersion: 0.33.0, moz:headless: false, moz:platformVersion: 10.0, moz:processID: 7356, moz:profile: C:\Users\nikan\AppData\Loca..., moz:shutdownTimeout: 60000, moz:webdriverClick: true, moz:windowless: false, pageLoadStrategy: normal, platform: WINDOWS, platformName: WINDOWS, proxy: Proxy(), setWindowRect: true, strictFileInteractability: false, timeouts: {implicit: 0, pageLoad: 300000, script: 30000}, unhandledPromptBehavior: dismiss and notify}
Session ID: 1d01dca3-741a-4266-adc9-653e3850b439
*** Element info: {Using=xpath, value=//*[.='LOGIN']}
2023-10-11 16:51:11,092 INFO m.WDListener [WDListener.java:36] org.openqa.selenium.NoSuchElementException: Unable to locate element: //*[.='LOGIN']
For documentation on this error, please visit: https://www.seleniumhq.org/exceptions/no_such_element.html
Build info: version: '3.141.59', revision: 'e82be7d358', time: '2018-11-14T08:17:03'
System info: host: 'LAPTOP-7OQN3UU0', ip: '10.100.102.10', os.name: 'Windows 10', os.arch: 'amd64', os.version: '10.0', java.version: '15.0.2'
Driver info: org.openqa.selenium.firefox.FirefoxDriver
Capabilities {acceptInsecureCerts: true, browserName: firefox, browserVersion: 118.0.2, javascriptEnabled: true, moz:accessibilityChecks: false, moz:buildID: 20231009140911, moz:geckodriverVersion: 0.33.0, moz:headless: false, moz:platformVersion: 10.0, moz:processID: 7356, moz:profile: C:\Users\nikan\AppData\Loca..., moz:shutdownTimeout: 60000, moz:webdriverClick: true, moz:windowless: false, pageLoadStrategy: normal, platform: WINDOWS, platformName: WINDOWS, proxy: Proxy(), setWindowRect: true, strictFileInteractability: false, timeouts: {implicit: 0, pageLoad: 300000, script: 30000}, unhandledPromptBehavior: dismiss and notify}
Session ID: 1d01dca3-741a-4266-adc9-653e3850b439
*** Element info: {Using=xpath, value=//*[.='LOGIN']}
2023-10-11 16:51:11,367 INFO m.WDListener [WDListener.java:41] Here is the path to screenshot with error --> src/test/screenshots/screenshot-3071.png
2023-10-11 16:51:11,368 INFO m.NGListener [NGListener.java:29] Failure test --> org.openqa.selenium.NoSuchElementException: Unable to locate element: //*[.='LOGIN']
For documentation on this error, please visit: https://www.seleniumhq.org/exceptions/no_such_element.html
Build info: version: '3.141.59', revision: 'e82be7d358', time: '2018-11-14T08:17:03'
System info: host: 'LAPTOP-7OQN3UU0', ip: '10.100.102.10', os.name: 'Windows 10', os.arch: 'amd64', os.version: '10.0', java.version: '15.0.2'
Driver info: org.openqa.selenium.firefox.FirefoxDriver
Capabilities {acceptInsecureCerts: true, browserName: firefox, browserVersion: 118.0.2, javascriptEnabled: true, moz:accessibilityChecks: false, moz:buildID: 20231009140911, moz:geckodriverVersion: 0.33.0, moz:headless: false, moz:platformVersion: 10.0, moz:processID: 7356, moz:profile: C:\Users\nikan\AppData\Loca..., moz:shutdownTimeout: 60000, moz:webdriverClick: true, moz:windowless: false, pageLoadStrategy: normal, platform: WINDOWS, platformName: WINDOWS, proxy: Proxy(), setWindowRect: true, strictFileInteractability: false, timeouts: {implicit: 0, pageLoad: 300000, script: 30000}, unhandledPromptBehavior: dismiss and notify}
Session ID: 1d01dca3-741a-4266-adc9-653e3850b439
*** Element info: {Using=xpath, value=//*[.='LOGIN']}
2023-10-11 16:51:11,369 INFO t.TestBase [TestBase.java:39] Finished test ----> loginPositiveTestModel
2023-10-11 16:51:11,369 INFO t.TestBase [TestBase.java:40] ================================================================
2023-10-11 16:51:11,374 INFO t.TestBase [TestBase.java:34] Started test ----> registrationPositiveTest
2023-10-11 16:51:11,374 INFO m.NGListener [NGListener.java:16] Start of the test --> registrationPositiveTest
2023-10-11 16:51:11,375 INFO m.WDListener [WDListener.java:21] Start searching element by locator --> By.xpath: //*[.='LOGIN']
2023-10-11 16:51:14,392 INFO m.WDListener [WDListener.java:34] Something went wrong!!!
2023-10-11 16:51:14,393 INFO m.WDListener [WDListener.java:35] Unable to locate element: //*[.='LOGIN']
For documentation on this error, please visit: https://www.seleniumhq.org/exceptions/no_such_element.html
Build info: version: '3.141.59', revision: 'e82be7d358', time: '2018-11-14T08:17:03'
System info: host: 'LAPTOP-7OQN3UU0', ip: '10.100.102.10', os.name: 'Windows 10', os.arch: 'amd64', os.version: '10.0', java.version: '15.0.2'
Driver info: org.openqa.selenium.firefox.FirefoxDriver
Capabilities {acceptInsecureCerts: true, browserName: firefox, browserVersion: 118.0.2, javascriptEnabled: true, moz:accessibilityChecks: false, moz:buildID: 20231009140911, moz:geckodriverVersion: 0.33.0, moz:headless: false, moz:platformVersion: 10.0, moz:processID: 7356, moz:profile: C:\Users\nikan\AppData\Loca..., moz:shutdownTimeout: 60000, moz:webdriverClick: true, moz:windowless: false, pageLoadStrategy: normal, platform: WINDOWS, platformName: WINDOWS, proxy: Proxy(), setWindowRect: true, strictFileInteractability: false, timeouts: {implicit: 0, pageLoad: 300000, script: 30000}, unhandledPromptBehavior: dismiss and notify}
Session ID: 1d01dca3-741a-4266-adc9-653e3850b439
*** Element info: {Using=xpath, value=//*[.='LOGIN']}
2023-10-11 16:51:14,394 INFO m.WDListener [WDListener.java:36] org.openqa.selenium.NoSuchElementException: Unable to locate element: //*[.='LOGIN']
For documentation on this error, please visit: https://www.seleniumhq.org/exceptions/no_such_element.html
Build info: version: '3.141.59', revision: 'e82be7d358', time: '2018-11-14T08:17:03'
System info: host: 'LAPTOP-7OQN3UU0', ip: '10.100.102.10', os.name: 'Windows 10', os.arch: 'amd64', os.version: '10.0', java.version: '15.0.2'
Driver info: org.openqa.selenium.firefox.FirefoxDriver
Capabilities {acceptInsecureCerts: true, browserName: firefox, browserVersion: 118.0.2, javascriptEnabled: true, moz:accessibilityChecks: false, moz:buildID: 20231009140911, moz:geckodriverVersion: 0.33.0, moz:headless: false, moz:platformVersion: 10.0, moz:processID: 7356, moz:profile: C:\Users\nikan\AppData\Loca..., moz:shutdownTimeout: 60000, moz:webdriverClick: true, moz:windowless: false, pageLoadStrategy: normal, platform: WINDOWS, platformName: WINDOWS, proxy: Proxy(), setWindowRect: true, strictFileInteractability: false, timeouts: {implicit: 0, pageLoad: 300000, script: 30000}, unhandledPromptBehavior: dismiss and notify}
Session ID: 1d01dca3-741a-4266-adc9-653e3850b439
*** Element info: {Using=xpath, value=//*[.='LOGIN']}
2023-10-11 16:51:14,582 INFO m.WDListener [WDListener.java:41] Here is the path to screenshot with error --> src/test/screenshots/screenshot-3074.png
2023-10-11 16:51:14,583 INFO m.NGListener [NGListener.java:29] Failure test --> org.openqa.selenium.NoSuchElementException: Unable to locate element: //*[.='LOGIN']
For documentation on this error, please visit: https://www.seleniumhq.org/exceptions/no_such_element.html
Build info: version: '3.141.59', revision: 'e82be7d358', time: '2018-11-14T08:17:03'
System info: host: 'LAPTOP-7OQN3UU0', ip: '10.100.102.10', os.name: 'Windows 10', os.arch: 'amd64', os.version: '10.0', java.version: '15.0.2'
Driver info: org.openqa.selenium.firefox.FirefoxDriver
Capabilities {acceptInsecureCerts: true, browserName: firefox, browserVersion: 118.0.2, javascriptEnabled: true, moz:accessibilityChecks: false, moz:buildID: 20231009140911, moz:geckodriverVersion: 0.33.0, moz:headless: false, moz:platformVersion: 10.0, moz:processID: 7356, moz:profile: C:\Users\nikan\AppData\Loca..., moz:shutdownTimeout: 60000, moz:webdriverClick: true, moz:windowless: false, pageLoadStrategy: normal, platform: WINDOWS, platformName: WINDOWS, proxy: Proxy(), setWindowRect: true, strictFileInteractability: false, timeouts: {implicit: 0, pageLoad: 300000, script: 30000}, unhandledPromptBehavior: dismiss and notify}
Session ID: 1d01dca3-741a-4266-adc9-653e3850b439
*** Element info: {Using=xpath, value=//*[.='LOGIN']}
2023-10-11 16:51:14,584 INFO t.TestBase [TestBase.java:39] Finished test ----> registrationPositiveTest
2023-10-11 16:51:14,585 INFO t.TestBase [TestBase.java:40] ================================================================
2023-10-11 16:51:15,719 INFO m.ApplicationManager [ApplicationManager.java:47] Tests completed
