2023-10-11 16:26:26,143 INFO m.ApplicationManager [ApplicationManager.java:35] Test started on FireFox
2023-10-11 16:26:28,791 INFO m.ApplicationManager [ApplicationManager.java:41] Navigated to the link ---> https://telranedu.web.app/home
2023-10-11 16:26:28,875 INFO t.TestBase [TestBase.java:34] Started test ----> loginNegativeTestWrongEmail
2023-10-11 16:26:28,880 INFO m.NGListener [NGListener.java:16] Start of the test --> loginNegativeTestWrongEmail
2023-10-11 16:26:28,882 INFO m.WDListener [WDListener.java:21] Start searching element by locator --> By.xpath: //*[.='LOGIN']
2023-10-11 16:26:28,954 INFO m.WDListener [WDListener.java:27] Element with locator --> By.xpath: //*[.='LOGIN'] is found
2023-10-11 16:26:29,068 INFO m.WDListener [WDListener.java:21] Start searching element by locator --> By.xpath: //input[1]
2023-10-11 16:26:29,109 INFO m.WDListener [WDListener.java:27] Element with locator --> By.xpath: //input[1] is found
2023-10-11 16:26:29,354 INFO m.WDListener [WDListener.java:21] Start searching element by locator --> By.xpath: //input[2]
2023-10-11 16:26:29,383 INFO m.WDListener [WDListener.java:27] Element with locator --> By.xpath: //input[2] is found
2023-10-11 16:26:29,672 INFO m.WDListener [WDListener.java:21] Start searching element by locator --> By.xpath: //button[1]
2023-10-11 16:26:29,706 INFO m.WDListener [WDListener.java:27] Element with locator --> By.xpath: //button[1] is found
2023-10-11 16:26:30,867 INFO m.NGListener [NGListener.java:22] Success test --> loginNegativeTestWrongEmail
2023-10-11 16:26:30,869 INFO t.TestBase [TestBase.java:39] Finished test ----> loginNegativeTestWrongEmail
2023-10-11 16:26:30,869 INFO t.TestBase [TestBase.java:40] ================================================================
2023-10-11 16:26:30,872 INFO t.TestBase [TestBase.java:34] Started test ----> loginPositiveTest
2023-10-11 16:26:30,874 INFO m.NGListener [NGListener.java:16] Start of the test --> loginPositiveTest
2023-10-11 16:26:30,875 INFO m.WDListener [WDListener.java:21] Start searching element by locator --> By.xpath: //*[.='LOGIN']
2023-10-11 16:26:30,887 INFO m.WDListener [WDListener.java:27] Element with locator --> By.xpath: //*[.='LOGIN'] is found
2023-10-11 16:26:30,939 INFO m.WDListener [WDListener.java:21] Start searching element by locator --> By.xpath: //input[1]
2023-10-11 16:26:30,955 INFO m.WDListener [WDListener.java:27] Element with locator --> By.xpath: //input[1] is found
2023-10-11 16:26:31,145 INFO m.WDListener [WDListener.java:21] Start searching element by locator --> By.xpath: //input[2]
2023-10-11 16:26:31,158 INFO m.WDListener [WDListener.java:27] Element with locator --> By.xpath: //input[2] is found
2023-10-11 16:26:31,309 INFO m.WDListener [WDListener.java:21] Start searching element by locator --> By.xpath: //button[1]
2023-10-11 16:26:31,321 INFO m.WDListener [WDListener.java:27] Element with locator --> By.xpath: //button[1] is found
2023-10-11 16:26:34,364 INFO m.WDListener [WDListener.java:21] Start searching element by locator --> By.tagName: button
2023-10-11 16:26:34,389 INFO m.WDListener [WDListener.java:27] Element with locator --> By.tagName: button is found
2023-10-11 16:26:34,389 INFO m.NGListener [NGListener.java:22] Success test --> loginPositiveTest
2023-10-11 16:26:34,390 INFO t.TestBase [TestBase.java:39] Finished test ----> loginPositiveTest
2023-10-11 16:26:34,390 INFO t.TestBase [TestBase.java:40] ================================================================
2023-10-11 16:26:34,391 INFO t.TestBase [TestBase.java:34] Started test ----> loginPositiveTestModel
2023-10-11 16:26:34,392 INFO m.NGListener [NGListener.java:16] Start of the test --> loginPositiveTestModel
2023-10-11 16:26:34,398 INFO m.WDListener [WDListener.java:21] Start searching element by locator --> By.xpath: //*[.='LOGIN']
2023-10-11 16:26:37,037 INFO m.WDListener [WDListener.java:34] Something went wrong!!!
2023-10-11 16:26:37,038 INFO m.WDListener [WDListener.java:35] Cannot locate an element using xpath=//*[.='LOGIN']
For documentation on this error, please visit: https://www.seleniumhq.org/exceptions/no_such_element.html
Build info: version: '3.141.59', revision: 'e82be7d358', time: '2018-11-14T08:17:03'
System info: host: 'LAPTOP-7OQN3UU0', ip: '10.100.102.10', os.name: 'Windows 10', os.arch: 'amd64', os.version: '10.0', java.version: '15.0.2'
Driver info: driver.version: EventFiringWebDriver
2023-10-11 16:26:37,039 INFO m.WDListener [WDListener.java:36] org.openqa.selenium.NoSuchElementException: Cannot locate an element using xpath=//*[.='LOGIN']
For documentation on this error, please visit: https://www.seleniumhq.org/exceptions/no_such_element.html
Build info: version: '3.141.59', revision: 'e82be7d358', time: '2018-11-14T08:17:03'
System info: host: 'LAPTOP-7OQN3UU0', ip: '10.100.102.10', os.name: 'Windows 10', os.arch: 'amd64', os.version: '10.0', java.version: '15.0.2'
Driver info: driver.version: EventFiringWebDriver
2023-10-11 16:26:37,051 INFO m.NGListener [NGListener.java:29] Failure test --> org.openqa.selenium.NoSuchWindowException: no such window: target window already closed
from unknown error: web view not found
  (Session info: chrome=116.0.5845.188)
Build info: version: '3.141.59', revision: 'e82be7d358', time: '2018-11-14T08:17:03'
System info: host: 'LAPTOP-7OQN3UU0', ip: '10.100.102.10', os.name: 'Windows 10', os.arch: 'amd64', os.version: '10.0', java.version: '15.0.2'
Driver info: org.openqa.selenium.chrome.ChromeDriver
Capabilities {acceptInsecureCerts: false, browserName: chrome, browserVersion: 116.0.5845.188, chrome: {chromedriverVersion: 116.0.5845.96 (1a3918166880..., userDataDir: C:\Users\nikan\AppData\Loca...}, fedcm:accounts: true, goog:chromeOptions: {debuggerAddress: localhost:54889}, javascriptEnabled: true, networkConnectionEnabled: false, pageLoadStrategy: normal, platform: WINDOWS, platformName: WINDOWS, proxy: Proxy(), setWindowRect: true, strictFileInteractability: false, timeouts: {implicit: 0, pageLoad: 300000, script: 30000}, unhandledPromptBehavior: dismiss and notify, webauthn:extension:credBlob: true, webauthn:extension:largeBlob: true, webauthn:extension:minPinLength: true, webauthn:extension:prf: true, webauthn:virtualAuthenticators: true}
Session ID: 328b1f3b5a2f0b02419a3d04053f8295
2023-10-11 16:26:37,052 INFO t.TestBase [TestBase.java:39] Finished test ----> loginPositiveTestModel
2023-10-11 16:26:37,053 INFO t.TestBase [TestBase.java:40] ================================================================
2023-10-11 16:26:37,747 INFO m.ApplicationManager [ApplicationManager.java:49] Tests completed
