2023-10-10 20:57:23,446 INFO m.ApplicationManager [ApplicationManager.java:35] Test started on FireFox
2023-10-10 20:57:25,533 INFO m.ApplicationManager [ApplicationManager.java:41] Navigated to the link ---> https://telranedu.web.app/home
2023-10-10 20:57:25,600 INFO t.TestBase [TestBase.java:34] Started test ----> loginNegativeTestWrongEmail
2023-10-10 20:57:25,602 INFO m.NGListener [NGListener.java:16] Start of the test --> loginNegativeTestWrongEmail
2023-10-10 20:57:25,603 INFO m.WDListener [WDListener.java:21] Start searching element by locator --> By.xpath: //*[.='LOGIN']
2023-10-10 20:57:25,630 INFO m.WDListener [WDListener.java:27] Element with locator --> By.xpath: //*[.='LOGIN'] is found
2023-10-10 20:57:25,717 INFO m.WDListener [WDListener.java:21] Start searching element by locator --> By.xpath: //input[1]
2023-10-10 20:57:25,736 INFO m.WDListener [WDListener.java:27] Element with locator --> By.xpath: //input[1] is found
2023-10-10 20:57:25,914 INFO m.WDListener [WDListener.java:21] Start searching element by locator --> By.xpath: //input[2]
2023-10-10 20:57:25,933 INFO m.WDListener [WDListener.java:27] Element with locator --> By.xpath: //input[2] is found
2023-10-10 20:57:26,079 INFO m.WDListener [WDListener.java:21] Start searching element by locator --> By.xpath: //button[1]
2023-10-10 20:57:26,098 INFO m.WDListener [WDListener.java:27] Element with locator --> By.xpath: //button[1] is found
2023-10-10 20:57:27,202 INFO m.NGListener [NGListener.java:22] Success test --> loginNegativeTestWrongEmail
2023-10-10 20:57:27,204 INFO t.TestBase [TestBase.java:39] Finished test ----> loginNegativeTestWrongEmail
2023-10-10 20:57:27,204 INFO t.TestBase [TestBase.java:40] ================================================================
2023-10-10 20:57:27,209 INFO t.TestBase [TestBase.java:34] Started test ----> loginPositiveTest
2023-10-10 20:57:27,210 INFO m.NGListener [NGListener.java:16] Start of the test --> loginPositiveTest
2023-10-10 20:57:27,212 INFO m.WDListener [WDListener.java:21] Start searching element by locator --> By.xpath: //*[.='LOGIN']
2023-10-10 20:57:27,229 INFO m.WDListener [WDListener.java:27] Element with locator --> By.xpath: //*[.='LOGIN'] is found
2023-10-10 20:57:27,298 INFO m.WDListener [WDListener.java:21] Start searching element by locator --> By.xpath: //input[1]
2023-10-10 20:57:27,317 INFO m.WDListener [WDListener.java:27] Element with locator --> By.xpath: //input[1] is found
2023-10-10 20:57:27,500 INFO m.WDListener [WDListener.java:21] Start searching element by locator --> By.xpath: //input[2]
2023-10-10 20:57:27,517 INFO m.WDListener [WDListener.java:27] Element with locator --> By.xpath: //input[2] is found
2023-10-10 20:57:27,675 INFO m.WDListener [WDListener.java:21] Start searching element by locator --> By.xpath: //button[1]
2023-10-10 20:57:27,687 INFO m.WDListener [WDListener.java:27] Element with locator --> By.xpath: //button[1] is found
2023-10-10 20:57:30,731 INFO m.WDListener [WDListener.java:21] Start searching element by locator --> By.tagName: button
2023-10-10 20:57:30,742 INFO m.WDListener [WDListener.java:34] Something went wrong!!!
2023-10-10 20:57:30,743 INFO m.WDListener [WDListener.java:35] no such window: target window already closed
from unknown error: web view not found
  (Session info: chrome=116.0.5845.188)
Build info: version: '3.141.59', revision: 'e82be7d358', time: '2018-11-14T08:17:03'
System info: host: 'LAPTOP-7OQN3UU0', ip: '10.100.102.10', os.name: 'Windows 10', os.arch: 'amd64', os.version: '10.0', java.version: '15.0.2'
Driver info: org.openqa.selenium.chrome.ChromeDriver
Capabilities {acceptInsecureCerts: false, browserName: chrome, browserVersion: 116.0.5845.188, chrome: {chromedriverVersion: 116.0.5845.96 (1a3918166880..., userDataDir: C:\Users\nikan\AppData\Loca...}, fedcm:accounts: true, goog:chromeOptions: {debuggerAddress: localhost:62158}, javascriptEnabled: true, networkConnectionEnabled: false, pageLoadStrategy: normal, platform: WINDOWS, platformName: WINDOWS, proxy: Proxy(), setWindowRect: true, strictFileInteractability: false, timeouts: {implicit: 0, pageLoad: 300000, script: 30000}, unhandledPromptBehavior: dismiss and notify, webauthn:extension:credBlob: true, webauthn:extension:largeBlob: true, webauthn:extension:minPinLength: true, webauthn:extension:prf: true, webauthn:virtualAuthenticators: true}
Session ID: a178fdd72ba65c9e4c298f2306dc2810
*** Element info: {Using=tag name, value=button}
2023-10-10 20:57:30,745 INFO m.WDListener [WDListener.java:36] org.openqa.selenium.NoSuchWindowException: no such window: target window already closed
from unknown error: web view not found
  (Session info: chrome=116.0.5845.188)
Build info: version: '3.141.59', revision: 'e82be7d358', time: '2018-11-14T08:17:03'
System info: host: 'LAPTOP-7OQN3UU0', ip: '10.100.102.10', os.name: 'Windows 10', os.arch: 'amd64', os.version: '10.0', java.version: '15.0.2'
Driver info: org.openqa.selenium.chrome.ChromeDriver
Capabilities {acceptInsecureCerts: false, browserName: chrome, browserVersion: 116.0.5845.188, chrome: {chromedriverVersion: 116.0.5845.96 (1a3918166880..., userDataDir: C:\Users\nikan\AppData\Loca...}, fedcm:accounts: true, goog:chromeOptions: {debuggerAddress: localhost:62158}, javascriptEnabled: true, networkConnectionEnabled: false, pageLoadStrategy: normal, platform: WINDOWS, platformName: WINDOWS, proxy: Proxy(), setWindowRect: true, strictFileInteractability: false, timeouts: {implicit: 0, pageLoad: 300000, script: 30000}, unhandledPromptBehavior: dismiss and notify, webauthn:extension:credBlob: true, webauthn:extension:largeBlob: true, webauthn:extension:minPinLength: true, webauthn:extension:prf: true, webauthn:virtualAuthenticators: true}
Session ID: a178fdd72ba65c9e4c298f2306dc2810
*** Element info: {Using=tag name, value=button}
2023-10-10 20:57:30,752 INFO m.NGListener [NGListener.java:29] Failure test --> org.openqa.selenium.NoSuchWindowException: no such window: target window already closed
from unknown error: web view not found
  (Session info: chrome=116.0.5845.188)
Build info: version: '3.141.59', revision: 'e82be7d358', time: '2018-11-14T08:17:03'
System info: host: 'LAPTOP-7OQN3UU0', ip: '10.100.102.10', os.name: 'Windows 10', os.arch: 'amd64', os.version: '10.0', java.version: '15.0.2'
Driver info: org.openqa.selenium.chrome.ChromeDriver
Capabilities {acceptInsecureCerts: false, browserName: chrome, browserVersion: 116.0.5845.188, chrome: {chromedriverVersion: 116.0.5845.96 (1a3918166880..., userDataDir: C:\Users\nikan\AppData\Loca...}, fedcm:accounts: true, goog:chromeOptions: {debuggerAddress: localhost:62158}, javascriptEnabled: true, networkConnectionEnabled: false, pageLoadStrategy: normal, platform: WINDOWS, platformName: WINDOWS, proxy: Proxy(), setWindowRect: true, strictFileInteractability: false, timeouts: {implicit: 0, pageLoad: 300000, script: 30000}, unhandledPromptBehavior: dismiss and notify, webauthn:extension:credBlob: true, webauthn:extension:largeBlob: true, webauthn:extension:minPinLength: true, webauthn:extension:prf: true, webauthn:virtualAuthenticators: true}
Session ID: a178fdd72ba65c9e4c298f2306dc2810
2023-10-10 20:57:30,753 INFO t.TestBase [TestBase.java:39] Finished test ----> loginPositiveTest
2023-10-10 20:57:30,754 INFO t.TestBase [TestBase.java:40] ================================================================
2023-10-10 20:57:30,755 INFO t.TestBase [TestBase.java:34] Started test ----> loginPositiveTestModel
2023-10-10 20:57:30,756 INFO m.NGListener [NGListener.java:16] Start of the test --> loginPositiveTestModel
2023-10-10 20:57:30,758 INFO m.WDListener [WDListener.java:21] Start searching element by locator --> By.xpath: //*[.='LOGIN']
2023-10-10 20:57:30,765 INFO m.WDListener [WDListener.java:34] Something went wrong!!!
2023-10-10 20:57:30,765 INFO m.WDListener [WDListener.java:35] no such window: target window already closed
from unknown error: web view not found
  (Session info: chrome=116.0.5845.188)
Build info: version: '3.141.59', revision: 'e82be7d358', time: '2018-11-14T08:17:03'
System info: host: 'LAPTOP-7OQN3UU0', ip: '10.100.102.10', os.name: 'Windows 10', os.arch: 'amd64', os.version: '10.0', java.version: '15.0.2'
Driver info: org.openqa.selenium.chrome.ChromeDriver
Capabilities {acceptInsecureCerts: false, browserName: chrome, browserVersion: 116.0.5845.188, chrome: {chromedriverVersion: 116.0.5845.96 (1a3918166880..., userDataDir: C:\Users\nikan\AppData\Loca...}, fedcm:accounts: true, goog:chromeOptions: {debuggerAddress: localhost:62158}, javascriptEnabled: true, networkConnectionEnabled: false, pageLoadStrategy: normal, platform: WINDOWS, platformName: WINDOWS, proxy: Proxy(), setWindowRect: true, strictFileInteractability: false, timeouts: {implicit: 0, pageLoad: 300000, script: 30000}, unhandledPromptBehavior: dismiss and notify, webauthn:extension:credBlob: true, webauthn:extension:largeBlob: true, webauthn:extension:minPinLength: true, webauthn:extension:prf: true, webauthn:virtualAuthenticators: true}
Session ID: a178fdd72ba65c9e4c298f2306dc2810
*** Element info: {Using=xpath, value=//*[.='LOGIN']}
2023-10-10 20:57:30,766 INFO m.WDListener [WDListener.java:36] org.openqa.selenium.NoSuchWindowException: no such window: target window already closed
from unknown error: web view not found
  (Session info: chrome=116.0.5845.188)
Build info: version: '3.141.59', revision: 'e82be7d358', time: '2018-11-14T08:17:03'
System info: host: 'LAPTOP-7OQN3UU0', ip: '10.100.102.10', os.name: 'Windows 10', os.arch: 'amd64', os.version: '10.0', java.version: '15.0.2'
Driver info: org.openqa.selenium.chrome.ChromeDriver
Capabilities {acceptInsecureCerts: false, browserName: chrome, browserVersion: 116.0.5845.188, chrome: {chromedriverVersion: 116.0.5845.96 (1a3918166880..., userDataDir: C:\Users\nikan\AppData\Loca...}, fedcm:accounts: true, goog:chromeOptions: {debuggerAddress: localhost:62158}, javascriptEnabled: true, networkConnectionEnabled: false, pageLoadStrategy: normal, platform: WINDOWS, platformName: WINDOWS, proxy: Proxy(), setWindowRect: true, strictFileInteractability: false, timeouts: {implicit: 0, pageLoad: 300000, script: 30000}, unhandledPromptBehavior: dismiss and notify, webauthn:extension:credBlob: true, webauthn:extension:largeBlob: true, webauthn:extension:minPinLength: true, webauthn:extension:prf: true, webauthn:virtualAuthenticators: true}
Session ID: a178fdd72ba65c9e4c298f2306dc2810
*** Element info: {Using=xpath, value=//*[.='LOGIN']}
2023-10-10 20:57:30,769 INFO m.NGListener [NGListener.java:29] Failure test --> org.openqa.selenium.NoSuchWindowException: no such window: target window already closed
from unknown error: web view not found
  (Session info: chrome=116.0.5845.188)
Build info: version: '3.141.59', revision: 'e82be7d358', time: '2018-11-14T08:17:03'
System info: host: 'LAPTOP-7OQN3UU0', ip: '10.100.102.10', os.name: 'Windows 10', os.arch: 'amd64', os.version: '10.0', java.version: '15.0.2'
Driver info: org.openqa.selenium.chrome.ChromeDriver
Capabilities {acceptInsecureCerts: false, browserName: chrome, browserVersion: 116.0.5845.188, chrome: {chromedriverVersion: 116.0.5845.96 (1a3918166880..., userDataDir: C:\Users\nikan\AppData\Loca...}, fedcm:accounts: true, goog:chromeOptions: {debuggerAddress: localhost:62158}, javascriptEnabled: true, networkConnectionEnabled: false, pageLoadStrategy: normal, platform: WINDOWS, platformName: WINDOWS, proxy: Proxy(), setWindowRect: true, strictFileInteractability: false, timeouts: {implicit: 0, pageLoad: 300000, script: 30000}, unhandledPromptBehavior: dismiss and notify, webauthn:extension:credBlob: true, webauthn:extension:largeBlob: true, webauthn:extension:minPinLength: true, webauthn:extension:prf: true, webauthn:virtualAuthenticators: true}
Session ID: a178fdd72ba65c9e4c298f2306dc2810
2023-10-10 20:57:30,770 INFO t.TestBase [TestBase.java:39] Finished test ----> loginPositiveTestModel
2023-10-10 20:57:30,770 INFO t.TestBase [TestBase.java:40] ================================================================
2023-10-10 20:57:31,358 INFO m.ApplicationManager [ApplicationManager.java:49] Tests completed
