2023-10-27 17:20:07,071 INFO m.ApplicationManager [ApplicationManager.java:47] Test started on Chrome
2023-10-27 17:20:08,699 INFO m.ApplicationManager [ApplicationManager.java:54] Navigated to the link ---> https://telranedu.web.app/home
2023-10-27 17:20:08,777 INFO t.TestBase [TestBase.java:35] Started test ----> loginNegativeTestWrongEmail
2023-10-27 17:20:08,779 INFO m.NGListener [NGListener.java:16] Start of the test --> loginNegativeTestWrongEmail
2023-10-27 17:20:08,780 INFO m.WDListener [WDListener.java:21] Start searching element by locator --> By.xpath: //*[.='LOGIN']
2023-10-27 17:20:08,803 INFO m.WDListener [WDListener.java:27] Element with locator --> By.xpath: //*[.='LOGIN'] is found
2023-10-27 17:20:08,881 INFO m.WDListener [WDListener.java:21] Start searching element by locator --> By.xpath: //input[1]
2023-10-27 17:20:08,899 INFO m.WDListener [WDListener.java:27] Element with locator --> By.xpath: //input[1] is found
2023-10-27 17:20:09,074 INFO m.WDListener [WDListener.java:21] Start searching element by locator --> By.xpath: //input[2]
2023-10-27 17:20:09,093 INFO m.WDListener [WDListener.java:27] Element with locator --> By.xpath: //input[2] is found
2023-10-27 17:20:09,239 INFO m.WDListener [WDListener.java:21] Start searching element by locator --> By.xpath: //button[1]
2023-10-27 17:20:09,257 INFO m.WDListener [WDListener.java:27] Element with locator --> By.xpath: //button[1] is found
2023-10-27 17:20:10,895 INFO m.NGListener [NGListener.java:22] Success test --> loginNegativeTestWrongEmail
2023-10-27 17:20:10,897 INFO t.TestBase [TestBase.java:40] Finished test ----> loginNegativeTestWrongEmail
2023-10-27 17:20:10,897 INFO t.TestBase [TestBase.java:41] ================================================================
2023-10-27 17:20:10,899 INFO t.TestBase [TestBase.java:35] Started test ----> loginPositiveTest
2023-10-27 17:20:10,899 INFO m.NGListener [NGListener.java:16] Start of the test --> loginPositiveTest
2023-10-27 17:20:10,900 INFO m.WDListener [WDListener.java:21] Start searching element by locator --> By.xpath: //*[.='LOGIN']
2023-10-27 17:20:10,914 INFO m.WDListener [WDListener.java:27] Element with locator --> By.xpath: //*[.='LOGIN'] is found
2023-10-27 17:20:10,968 INFO m.WDListener [WDListener.java:21] Start searching element by locator --> By.xpath: //input[1]
2023-10-27 17:20:10,984 INFO m.WDListener [WDListener.java:27] Element with locator --> By.xpath: //input[1] is found
2023-10-27 17:20:11,159 INFO m.WDListener [WDListener.java:21] Start searching element by locator --> By.xpath: //input[2]
2023-10-27 17:20:11,173 INFO m.WDListener [WDListener.java:27] Element with locator --> By.xpath: //input[2] is found
2023-10-27 17:20:11,319 INFO m.WDListener [WDListener.java:21] Start searching element by locator --> By.xpath: //button[1]
2023-10-27 17:20:11,333 INFO m.WDListener [WDListener.java:27] Element with locator --> By.xpath: //button[1] is found
2023-10-27 17:20:14,386 INFO m.WDListener [WDListener.java:21] Start searching element by locator --> By.tagName: button
2023-10-27 17:20:14,423 INFO m.WDListener [WDListener.java:27] Element with locator --> By.tagName: button is found
2023-10-27 17:20:14,424 INFO m.NGListener [NGListener.java:22] Success test --> loginPositiveTest
2023-10-27 17:20:14,425 INFO t.TestBase [TestBase.java:40] Finished test ----> loginPositiveTest
2023-10-27 17:20:14,426 INFO t.TestBase [TestBase.java:41] ================================================================
2023-10-27 17:20:14,428 INFO t.TestBase [TestBase.java:35] Started test ----> loginPositiveTestModel
2023-10-27 17:20:14,428 INFO m.NGListener [NGListener.java:16] Start of the test --> loginPositiveTestModel
2023-10-27 17:20:14,430 INFO m.WDListener [WDListener.java:21] Start searching element by locator --> By.xpath: //*[.='LOGIN']
2023-10-27 17:20:17,462 INFO m.WDListener [WDListener.java:34] Something went wrong!!!
2023-10-27 17:20:17,463 INFO m.WDListener [WDListener.java:35] no such element: Unable to locate element: {"method":"xpath","selector":"//*[.='LOGIN']"}
  (Session info: chrome=118.0.5993.72)
For documentation on this error, please visit: https://www.seleniumhq.org/exceptions/no_such_element.html
Build info: version: '3.141.59', revision: 'e82be7d358', time: '2018-11-14T08:17:03'
System info: host: 'LAPTOP-7OQN3UU0', ip: '172.20.10.5', os.name: 'Windows 10', os.arch: 'amd64', os.version: '10.0', java.version: '17.0.8'
Driver info: org.openqa.selenium.chrome.ChromeDriver
Capabilities {acceptInsecureCerts: false, browserName: chrome, browserVersion: 118.0.5993.72, chrome: {chromedriverVersion: 118.0.5993.70 (e52f33f30b91..., userDataDir: C:\Users\nikan\AppData\Loca...}, fedcm:accounts: true, goog:chromeOptions: {debuggerAddress: localhost:62731}, javascriptEnabled: true, networkConnectionEnabled: false, pageLoadStrategy: normal, platform: WINDOWS, platformName: WINDOWS, proxy: Proxy(), setWindowRect: true, strictFileInteractability: false, timeouts: {implicit: 0, pageLoad: 300000, script: 30000}, unhandledPromptBehavior: dismiss and notify, webauthn:extension:credBlob: true, webauthn:extension:largeBlob: true, webauthn:extension:minPinLength: true, webauthn:extension:prf: true, webauthn:virtualAuthenticators: true}
Session ID: 4b8ca6e39f84de14be1e8fafbbc731ef
*** Element info: {Using=xpath, value=//*[.='LOGIN']}
2023-10-27 17:20:17,464 INFO m.WDListener [WDListener.java:36] org.openqa.selenium.NoSuchElementException: no such element: Unable to locate element: {"method":"xpath","selector":"//*[.='LOGIN']"}
  (Session info: chrome=118.0.5993.72)
For documentation on this error, please visit: https://www.seleniumhq.org/exceptions/no_such_element.html
Build info: version: '3.141.59', revision: 'e82be7d358', time: '2018-11-14T08:17:03'
System info: host: 'LAPTOP-7OQN3UU0', ip: '172.20.10.5', os.name: 'Windows 10', os.arch: 'amd64', os.version: '10.0', java.version: '17.0.8'
Driver info: org.openqa.selenium.chrome.ChromeDriver
Capabilities {acceptInsecureCerts: false, browserName: chrome, browserVersion: 118.0.5993.72, chrome: {chromedriverVersion: 118.0.5993.70 (e52f33f30b91..., userDataDir: C:\Users\nikan\AppData\Loca...}, fedcm:accounts: true, goog:chromeOptions: {debuggerAddress: localhost:62731}, javascriptEnabled: true, networkConnectionEnabled: false, pageLoadStrategy: normal, platform: WINDOWS, platformName: WINDOWS, proxy: Proxy(), setWindowRect: true, strictFileInteractability: false, timeouts: {implicit: 0, pageLoad: 300000, script: 30000}, unhandledPromptBehavior: dismiss and notify, webauthn:extension:credBlob: true, webauthn:extension:largeBlob: true, webauthn:extension:minPinLength: true, webauthn:extension:prf: true, webauthn:virtualAuthenticators: true}
Session ID: 4b8ca6e39f84de14be1e8fafbbc731ef
*** Element info: {Using=xpath, value=//*[.='LOGIN']}
2023-10-27 17:20:17,881 INFO m.WDListener [WDListener.java:41] Here is the path to screenshot with error --> src/test/screenshots/screenshot-1217.png
2023-10-27 17:20:17,881 INFO m.NGListener [NGListener.java:29] Failure test --> org.openqa.selenium.NoSuchElementException: no such element: Unable to locate element: {"method":"xpath","selector":"//*[.='LOGIN']"}
  (Session info: chrome=118.0.5993.72)
For documentation on this error, please visit: https://www.seleniumhq.org/exceptions/no_such_element.html
Build info: version: '3.141.59', revision: 'e82be7d358', time: '2018-11-14T08:17:03'
System info: host: 'LAPTOP-7OQN3UU0', ip: '172.20.10.5', os.name: 'Windows 10', os.arch: 'amd64', os.version: '10.0', java.version: '17.0.8'
Driver info: org.openqa.selenium.chrome.ChromeDriver
Capabilities {acceptInsecureCerts: false, browserName: chrome, browserVersion: 118.0.5993.72, chrome: {chromedriverVersion: 118.0.5993.70 (e52f33f30b91..., userDataDir: C:\Users\nikan\AppData\Loca...}, fedcm:accounts: true, goog:chromeOptions: {debuggerAddress: localhost:62731}, javascriptEnabled: true, networkConnectionEnabled: false, pageLoadStrategy: normal, platform: WINDOWS, platformName: WINDOWS, proxy: Proxy(), setWindowRect: true, strictFileInteractability: false, timeouts: {implicit: 0, pageLoad: 300000, script: 30000}, unhandledPromptBehavior: dismiss and notify, webauthn:extension:credBlob: true, webauthn:extension:largeBlob: true, webauthn:extension:minPinLength: true, webauthn:extension:prf: true, webauthn:virtualAuthenticators: true}
Session ID: 4b8ca6e39f84de14be1e8fafbbc731ef
*** Element info: {Using=xpath, value=//*[.='LOGIN']}
2023-10-27 17:20:17,882 INFO t.TestBase [TestBase.java:40] Finished test ----> loginPositiveTestModel
2023-10-27 17:20:17,882 INFO t.TestBase [TestBase.java:41] ================================================================
2023-10-27 17:20:17,883 INFO t.TestBase [TestBase.java:35] Started test ----> loginPositiveTestProperties
2023-10-27 17:20:17,884 INFO m.NGListener [NGListener.java:16] Start of the test --> loginPositiveTestProperties
2023-10-27 17:20:17,884 INFO m.WDListener [WDListener.java:21] Start searching element by locator --> By.xpath: //*[.='LOGIN']
2023-10-27 17:20:20,898 INFO m.WDListener [WDListener.java:34] Something went wrong!!!
2023-10-27 17:20:20,898 INFO m.WDListener [WDListener.java:35] no such element: Unable to locate element: {"method":"xpath","selector":"//*[.='LOGIN']"}
  (Session info: chrome=118.0.5993.72)
For documentation on this error, please visit: https://www.seleniumhq.org/exceptions/no_such_element.html
Build info: version: '3.141.59', revision: 'e82be7d358', time: '2018-11-14T08:17:03'
System info: host: 'LAPTOP-7OQN3UU0', ip: '172.20.10.5', os.name: 'Windows 10', os.arch: 'amd64', os.version: '10.0', java.version: '17.0.8'
Driver info: org.openqa.selenium.chrome.ChromeDriver
Capabilities {acceptInsecureCerts: false, browserName: chrome, browserVersion: 118.0.5993.72, chrome: {chromedriverVersion: 118.0.5993.70 (e52f33f30b91..., userDataDir: C:\Users\nikan\AppData\Loca...}, fedcm:accounts: true, goog:chromeOptions: {debuggerAddress: localhost:62731}, javascriptEnabled: true, networkConnectionEnabled: false, pageLoadStrategy: normal, platform: WINDOWS, platformName: WINDOWS, proxy: Proxy(), setWindowRect: true, strictFileInteractability: false, timeouts: {implicit: 0, pageLoad: 300000, script: 30000}, unhandledPromptBehavior: dismiss and notify, webauthn:extension:credBlob: true, webauthn:extension:largeBlob: true, webauthn:extension:minPinLength: true, webauthn:extension:prf: true, webauthn:virtualAuthenticators: true}
Session ID: 4b8ca6e39f84de14be1e8fafbbc731ef
*** Element info: {Using=xpath, value=//*[.='LOGIN']}
2023-10-27 17:20:20,899 INFO m.WDListener [WDListener.java:36] org.openqa.selenium.NoSuchElementException: no such element: Unable to locate element: {"method":"xpath","selector":"//*[.='LOGIN']"}
  (Session info: chrome=118.0.5993.72)
For documentation on this error, please visit: https://www.seleniumhq.org/exceptions/no_such_element.html
Build info: version: '3.141.59', revision: 'e82be7d358', time: '2018-11-14T08:17:03'
System info: host: 'LAPTOP-7OQN3UU0', ip: '172.20.10.5', os.name: 'Windows 10', os.arch: 'amd64', os.version: '10.0', java.version: '17.0.8'
Driver info: org.openqa.selenium.chrome.ChromeDriver
Capabilities {acceptInsecureCerts: false, browserName: chrome, browserVersion: 118.0.5993.72, chrome: {chromedriverVersion: 118.0.5993.70 (e52f33f30b91..., userDataDir: C:\Users\nikan\AppData\Loca...}, fedcm:accounts: true, goog:chromeOptions: {debuggerAddress: localhost:62731}, javascriptEnabled: true, networkConnectionEnabled: false, pageLoadStrategy: normal, platform: WINDOWS, platformName: WINDOWS, proxy: Proxy(), setWindowRect: true, strictFileInteractability: false, timeouts: {implicit: 0, pageLoad: 300000, script: 30000}, unhandledPromptBehavior: dismiss and notify, webauthn:extension:credBlob: true, webauthn:extension:largeBlob: true, webauthn:extension:minPinLength: true, webauthn:extension:prf: true, webauthn:virtualAuthenticators: true}
Session ID: 4b8ca6e39f84de14be1e8fafbbc731ef
*** Element info: {Using=xpath, value=//*[.='LOGIN']}
2023-10-27 17:20:21,232 INFO m.WDListener [WDListener.java:41] Here is the path to screenshot with error --> src/test/screenshots/screenshot-1220.png
2023-10-27 17:20:21,234 INFO m.NGListener [NGListener.java:29] Failure test --> org.openqa.selenium.NoSuchElementException: no such element: Unable to locate element: {"method":"xpath","selector":"//*[.='LOGIN']"}
  (Session info: chrome=118.0.5993.72)
For documentation on this error, please visit: https://www.seleniumhq.org/exceptions/no_such_element.html
Build info: version: '3.141.59', revision: 'e82be7d358', time: '2018-11-14T08:17:03'
System info: host: 'LAPTOP-7OQN3UU0', ip: '172.20.10.5', os.name: 'Windows 10', os.arch: 'amd64', os.version: '10.0', java.version: '17.0.8'
Driver info: org.openqa.selenium.chrome.ChromeDriver
Capabilities {acceptInsecureCerts: false, browserName: chrome, browserVersion: 118.0.5993.72, chrome: {chromedriverVersion: 118.0.5993.70 (e52f33f30b91..., userDataDir: C:\Users\nikan\AppData\Loca...}, fedcm:accounts: true, goog:chromeOptions: {debuggerAddress: localhost:62731}, javascriptEnabled: true, networkConnectionEnabled: false, pageLoadStrategy: normal, platform: WINDOWS, platformName: WINDOWS, proxy: Proxy(), setWindowRect: true, strictFileInteractability: false, timeouts: {implicit: 0, pageLoad: 300000, script: 30000}, unhandledPromptBehavior: dismiss and notify, webauthn:extension:credBlob: true, webauthn:extension:largeBlob: true, webauthn:extension:minPinLength: true, webauthn:extension:prf: true, webauthn:virtualAuthenticators: true}
Session ID: 4b8ca6e39f84de14be1e8fafbbc731ef
*** Element info: {Using=xpath, value=//*[.='LOGIN']}
2023-10-27 17:20:21,235 INFO t.TestBase [TestBase.java:40] Finished test ----> loginPositiveTestProperties
2023-10-27 17:20:21,236 INFO t.TestBase [TestBase.java:41] ================================================================
2023-10-27 17:20:21,245 INFO t.TestBase [TestBase.java:35] Started test ----> loginPositiveUserDTO
2023-10-27 17:20:21,245 INFO m.NGListener [NGListener.java:16] Start of the test --> loginPositiveUserDTO
2023-10-27 17:20:21,246 INFO m.WDListener [WDListener.java:21] Start searching element by locator --> By.xpath: //*[.='LOGIN']
2023-10-27 17:20:24,261 INFO m.WDListener [WDListener.java:34] Something went wrong!!!
2023-10-27 17:20:24,262 INFO m.WDListener [WDListener.java:35] no such element: Unable to locate element: {"method":"xpath","selector":"//*[.='LOGIN']"}
  (Session info: chrome=118.0.5993.72)
For documentation on this error, please visit: https://www.seleniumhq.org/exceptions/no_such_element.html
Build info: version: '3.141.59', revision: 'e82be7d358', time: '2018-11-14T08:17:03'
System info: host: 'LAPTOP-7OQN3UU0', ip: '172.20.10.5', os.name: 'Windows 10', os.arch: 'amd64', os.version: '10.0', java.version: '17.0.8'
Driver info: org.openqa.selenium.chrome.ChromeDriver
Capabilities {acceptInsecureCerts: false, browserName: chrome, browserVersion: 118.0.5993.72, chrome: {chromedriverVersion: 118.0.5993.70 (e52f33f30b91..., userDataDir: C:\Users\nikan\AppData\Loca...}, fedcm:accounts: true, goog:chromeOptions: {debuggerAddress: localhost:62731}, javascriptEnabled: true, networkConnectionEnabled: false, pageLoadStrategy: normal, platform: WINDOWS, platformName: WINDOWS, proxy: Proxy(), setWindowRect: true, strictFileInteractability: false, timeouts: {implicit: 0, pageLoad: 300000, script: 30000}, unhandledPromptBehavior: dismiss and notify, webauthn:extension:credBlob: true, webauthn:extension:largeBlob: true, webauthn:extension:minPinLength: true, webauthn:extension:prf: true, webauthn:virtualAuthenticators: true}
Session ID: 4b8ca6e39f84de14be1e8fafbbc731ef
*** Element info: {Using=xpath, value=//*[.='LOGIN']}
2023-10-27 17:20:24,262 INFO m.WDListener [WDListener.java:36] org.openqa.selenium.NoSuchElementException: no such element: Unable to locate element: {"method":"xpath","selector":"//*[.='LOGIN']"}
  (Session info: chrome=118.0.5993.72)
For documentation on this error, please visit: https://www.seleniumhq.org/exceptions/no_such_element.html
Build info: version: '3.141.59', revision: 'e82be7d358', time: '2018-11-14T08:17:03'
System info: host: 'LAPTOP-7OQN3UU0', ip: '172.20.10.5', os.name: 'Windows 10', os.arch: 'amd64', os.version: '10.0', java.version: '17.0.8'
Driver info: org.openqa.selenium.chrome.ChromeDriver
Capabilities {acceptInsecureCerts: false, browserName: chrome, browserVersion: 118.0.5993.72, chrome: {chromedriverVersion: 118.0.5993.70 (e52f33f30b91..., userDataDir: C:\Users\nikan\AppData\Loca...}, fedcm:accounts: true, goog:chromeOptions: {debuggerAddress: localhost:62731}, javascriptEnabled: true, networkConnectionEnabled: false, pageLoadStrategy: normal, platform: WINDOWS, platformName: WINDOWS, proxy: Proxy(), setWindowRect: true, strictFileInteractability: false, timeouts: {implicit: 0, pageLoad: 300000, script: 30000}, unhandledPromptBehavior: dismiss and notify, webauthn:extension:credBlob: true, webauthn:extension:largeBlob: true, webauthn:extension:minPinLength: true, webauthn:extension:prf: true, webauthn:virtualAuthenticators: true}
Session ID: 4b8ca6e39f84de14be1e8fafbbc731ef
*** Element info: {Using=xpath, value=//*[.='LOGIN']}
2023-10-27 17:20:24,607 INFO m.WDListener [WDListener.java:41] Here is the path to screenshot with error --> src/test/screenshots/screenshot-1224.png
2023-10-27 17:20:24,608 INFO m.NGListener [NGListener.java:29] Failure test --> org.openqa.selenium.NoSuchElementException: no such element: Unable to locate element: {"method":"xpath","selector":"//*[.='LOGIN']"}
  (Session info: chrome=118.0.5993.72)
For documentation on this error, please visit: https://www.seleniumhq.org/exceptions/no_such_element.html
Build info: version: '3.141.59', revision: 'e82be7d358', time: '2018-11-14T08:17:03'
System info: host: 'LAPTOP-7OQN3UU0', ip: '172.20.10.5', os.name: 'Windows 10', os.arch: 'amd64', os.version: '10.0', java.version: '17.0.8'
Driver info: org.openqa.selenium.chrome.ChromeDriver
Capabilities {acceptInsecureCerts: false, browserName: chrome, browserVersion: 118.0.5993.72, chrome: {chromedriverVersion: 118.0.5993.70 (e52f33f30b91..., userDataDir: C:\Users\nikan\AppData\Loca...}, fedcm:accounts: true, goog:chromeOptions: {debuggerAddress: localhost:62731}, javascriptEnabled: true, networkConnectionEnabled: false, pageLoadStrategy: normal, platform: WINDOWS, platformName: WINDOWS, proxy: Proxy(), setWindowRect: true, strictFileInteractability: false, timeouts: {implicit: 0, pageLoad: 300000, script: 30000}, unhandledPromptBehavior: dismiss and notify, webauthn:extension:credBlob: true, webauthn:extension:largeBlob: true, webauthn:extension:minPinLength: true, webauthn:extension:prf: true, webauthn:virtualAuthenticators: true}
Session ID: 4b8ca6e39f84de14be1e8fafbbc731ef
*** Element info: {Using=xpath, value=//*[.='LOGIN']}
2023-10-27 17:20:24,609 INFO t.TestBase [TestBase.java:40] Finished test ----> loginPositiveUserDTO
2023-10-27 17:20:24,609 INFO t.TestBase [TestBase.java:41] ================================================================
2023-10-27 17:20:24,611 INFO t.TestBase [TestBase.java:35] Started test ----> loginPositiveUserDTO
2023-10-27 17:20:24,612 INFO m.NGListener [NGListener.java:16] Start of the test --> loginPositiveUserDTO
2023-10-27 17:20:24,612 INFO m.WDListener [WDListener.java:21] Start searching element by locator --> By.xpath: //*[.='LOGIN']
2023-10-27 17:20:27,674 INFO m.WDListener [WDListener.java:34] Something went wrong!!!
2023-10-27 17:20:27,675 INFO m.WDListener [WDListener.java:35] no such element: Unable to locate element: {"method":"xpath","selector":"//*[.='LOGIN']"}
  (Session info: chrome=118.0.5993.72)
For documentation on this error, please visit: https://www.seleniumhq.org/exceptions/no_such_element.html
Build info: version: '3.141.59', revision: 'e82be7d358', time: '2018-11-14T08:17:03'
System info: host: 'LAPTOP-7OQN3UU0', ip: '172.20.10.5', os.name: 'Windows 10', os.arch: 'amd64', os.version: '10.0', java.version: '17.0.8'
Driver info: org.openqa.selenium.chrome.ChromeDriver
Capabilities {acceptInsecureCerts: false, browserName: chrome, browserVersion: 118.0.5993.72, chrome: {chromedriverVersion: 118.0.5993.70 (e52f33f30b91..., userDataDir: C:\Users\nikan\AppData\Loca...}, fedcm:accounts: true, goog:chromeOptions: {debuggerAddress: localhost:62731}, javascriptEnabled: true, networkConnectionEnabled: false, pageLoadStrategy: normal, platform: WINDOWS, platformName: WINDOWS, proxy: Proxy(), setWindowRect: true, strictFileInteractability: false, timeouts: {implicit: 0, pageLoad: 300000, script: 30000}, unhandledPromptBehavior: dismiss and notify, webauthn:extension:credBlob: true, webauthn:extension:largeBlob: true, webauthn:extension:minPinLength: true, webauthn:extension:prf: true, webauthn:virtualAuthenticators: true}
Session ID: 4b8ca6e39f84de14be1e8fafbbc731ef
*** Element info: {Using=xpath, value=//*[.='LOGIN']}
2023-10-27 17:20:27,676 INFO m.WDListener [WDListener.java:36] org.openqa.selenium.NoSuchElementException: no such element: Unable to locate element: {"method":"xpath","selector":"//*[.='LOGIN']"}
  (Session info: chrome=118.0.5993.72)
For documentation on this error, please visit: https://www.seleniumhq.org/exceptions/no_such_element.html
Build info: version: '3.141.59', revision: 'e82be7d358', time: '2018-11-14T08:17:03'
System info: host: 'LAPTOP-7OQN3UU0', ip: '172.20.10.5', os.name: 'Windows 10', os.arch: 'amd64', os.version: '10.0', java.version: '17.0.8'
Driver info: org.openqa.selenium.chrome.ChromeDriver
Capabilities {acceptInsecureCerts: false, browserName: chrome, browserVersion: 118.0.5993.72, chrome: {chromedriverVersion: 118.0.5993.70 (e52f33f30b91..., userDataDir: C:\Users\nikan\AppData\Loca...}, fedcm:accounts: true, goog:chromeOptions: {debuggerAddress: localhost:62731}, javascriptEnabled: true, networkConnectionEnabled: false, pageLoadStrategy: normal, platform: WINDOWS, platformName: WINDOWS, proxy: Proxy(), setWindowRect: true, strictFileInteractability: false, timeouts: {implicit: 0, pageLoad: 300000, script: 30000}, unhandledPromptBehavior: dismiss and notify, webauthn:extension:credBlob: true, webauthn:extension:largeBlob: true, webauthn:extension:minPinLength: true, webauthn:extension:prf: true, webauthn:virtualAuthenticators: true}
Session ID: 4b8ca6e39f84de14be1e8fafbbc731ef
*** Element info: {Using=xpath, value=//*[.='LOGIN']}
2023-10-27 17:20:28,043 INFO m.WDListener [WDListener.java:41] Here is the path to screenshot with error --> src/test/screenshots/screenshot-1227.png
2023-10-27 17:20:28,043 INFO m.NGListener [NGListener.java:29] Failure test --> org.openqa.selenium.NoSuchElementException: no such element: Unable to locate element: {"method":"xpath","selector":"//*[.='LOGIN']"}
  (Session info: chrome=118.0.5993.72)
For documentation on this error, please visit: https://www.seleniumhq.org/exceptions/no_such_element.html
Build info: version: '3.141.59', revision: 'e82be7d358', time: '2018-11-14T08:17:03'
System info: host: 'LAPTOP-7OQN3UU0', ip: '172.20.10.5', os.name: 'Windows 10', os.arch: 'amd64', os.version: '10.0', java.version: '17.0.8'
Driver info: org.openqa.selenium.chrome.ChromeDriver
Capabilities {acceptInsecureCerts: false, browserName: chrome, browserVersion: 118.0.5993.72, chrome: {chromedriverVersion: 118.0.5993.70 (e52f33f30b91..., userDataDir: C:\Users\nikan\AppData\Loca...}, fedcm:accounts: true, goog:chromeOptions: {debuggerAddress: localhost:62731}, javascriptEnabled: true, networkConnectionEnabled: false, pageLoadStrategy: normal, platform: WINDOWS, platformName: WINDOWS, proxy: Proxy(), setWindowRect: true, strictFileInteractability: false, timeouts: {implicit: 0, pageLoad: 300000, script: 30000}, unhandledPromptBehavior: dismiss and notify, webauthn:extension:credBlob: true, webauthn:extension:largeBlob: true, webauthn:extension:minPinLength: true, webauthn:extension:prf: true, webauthn:virtualAuthenticators: true}
Session ID: 4b8ca6e39f84de14be1e8fafbbc731ef
*** Element info: {Using=xpath, value=//*[.='LOGIN']}
2023-10-27 17:20:28,044 INFO t.TestBase [TestBase.java:40] Finished test ----> loginPositiveUserDTO
2023-10-27 17:20:28,045 INFO t.TestBase [TestBase.java:41] ================================================================
2023-10-27 17:20:28,046 INFO t.TestBase [TestBase.java:35] Started test ----> loginPositiveUserDTO
2023-10-27 17:20:28,047 INFO m.NGListener [NGListener.java:16] Start of the test --> loginPositiveUserDTO
2023-10-27 17:20:28,048 INFO m.WDListener [WDListener.java:21] Start searching element by locator --> By.xpath: //*[.='LOGIN']
2023-10-27 17:20:31,089 INFO m.WDListener [WDListener.java:34] Something went wrong!!!
2023-10-27 17:20:31,089 INFO m.WDListener [WDListener.java:35] no such element: Unable to locate element: {"method":"xpath","selector":"//*[.='LOGIN']"}
  (Session info: chrome=118.0.5993.72)
For documentation on this error, please visit: https://www.seleniumhq.org/exceptions/no_such_element.html
Build info: version: '3.141.59', revision: 'e82be7d358', time: '2018-11-14T08:17:03'
System info: host: 'LAPTOP-7OQN3UU0', ip: '172.20.10.5', os.name: 'Windows 10', os.arch: 'amd64', os.version: '10.0', java.version: '17.0.8'
Driver info: org.openqa.selenium.chrome.ChromeDriver
Capabilities {acceptInsecureCerts: false, browserName: chrome, browserVersion: 118.0.5993.72, chrome: {chromedriverVersion: 118.0.5993.70 (e52f33f30b91..., userDataDir: C:\Users\nikan\AppData\Loca...}, fedcm:accounts: true, goog:chromeOptions: {debuggerAddress: localhost:62731}, javascriptEnabled: true, networkConnectionEnabled: false, pageLoadStrategy: normal, platform: WINDOWS, platformName: WINDOWS, proxy: Proxy(), setWindowRect: true, strictFileInteractability: false, timeouts: {implicit: 0, pageLoad: 300000, script: 30000}, unhandledPromptBehavior: dismiss and notify, webauthn:extension:credBlob: true, webauthn:extension:largeBlob: true, webauthn:extension:minPinLength: true, webauthn:extension:prf: true, webauthn:virtualAuthenticators: true}
Session ID: 4b8ca6e39f84de14be1e8fafbbc731ef
*** Element info: {Using=xpath, value=//*[.='LOGIN']}
2023-10-27 17:20:31,090 INFO m.WDListener [WDListener.java:36] org.openqa.selenium.NoSuchElementException: no such element: Unable to locate element: {"method":"xpath","selector":"//*[.='LOGIN']"}
  (Session info: chrome=118.0.5993.72)
For documentation on this error, please visit: https://www.seleniumhq.org/exceptions/no_such_element.html
Build info: version: '3.141.59', revision: 'e82be7d358', time: '2018-11-14T08:17:03'
System info: host: 'LAPTOP-7OQN3UU0', ip: '172.20.10.5', os.name: 'Windows 10', os.arch: 'amd64', os.version: '10.0', java.version: '17.0.8'
Driver info: org.openqa.selenium.chrome.ChromeDriver
Capabilities {acceptInsecureCerts: false, browserName: chrome, browserVersion: 118.0.5993.72, chrome: {chromedriverVersion: 118.0.5993.70 (e52f33f30b91..., userDataDir: C:\Users\nikan\AppData\Loca...}, fedcm:accounts: true, goog:chromeOptions: {debuggerAddress: localhost:62731}, javascriptEnabled: true, networkConnectionEnabled: false, pageLoadStrategy: normal, platform: WINDOWS, platformName: WINDOWS, proxy: Proxy(), setWindowRect: true, strictFileInteractability: false, timeouts: {implicit: 0, pageLoad: 300000, script: 30000}, unhandledPromptBehavior: dismiss and notify, webauthn:extension:credBlob: true, webauthn:extension:largeBlob: true, webauthn:extension:minPinLength: true, webauthn:extension:prf: true, webauthn:virtualAuthenticators: true}
Session ID: 4b8ca6e39f84de14be1e8fafbbc731ef
*** Element info: {Using=xpath, value=//*[.='LOGIN']}
2023-10-27 17:20:31,477 INFO m.WDListener [WDListener.java:41] Here is the path to screenshot with error --> src/test/screenshots/screenshot-1231.png
2023-10-27 17:20:31,478 INFO m.NGListener [NGListener.java:29] Failure test --> org.openqa.selenium.NoSuchElementException: no such element: Unable to locate element: {"method":"xpath","selector":"//*[.='LOGIN']"}
  (Session info: chrome=118.0.5993.72)
For documentation on this error, please visit: https://www.seleniumhq.org/exceptions/no_such_element.html
Build info: version: '3.141.59', revision: 'e82be7d358', time: '2018-11-14T08:17:03'
System info: host: 'LAPTOP-7OQN3UU0', ip: '172.20.10.5', os.name: 'Windows 10', os.arch: 'amd64', os.version: '10.0', java.version: '17.0.8'
Driver info: org.openqa.selenium.chrome.ChromeDriver
Capabilities {acceptInsecureCerts: false, browserName: chrome, browserVersion: 118.0.5993.72, chrome: {chromedriverVersion: 118.0.5993.70 (e52f33f30b91..., userDataDir: C:\Users\nikan\AppData\Loca...}, fedcm:accounts: true, goog:chromeOptions: {debuggerAddress: localhost:62731}, javascriptEnabled: true, networkConnectionEnabled: false, pageLoadStrategy: normal, platform: WINDOWS, platformName: WINDOWS, proxy: Proxy(), setWindowRect: true, strictFileInteractability: false, timeouts: {implicit: 0, pageLoad: 300000, script: 30000}, unhandledPromptBehavior: dismiss and notify, webauthn:extension:credBlob: true, webauthn:extension:largeBlob: true, webauthn:extension:minPinLength: true, webauthn:extension:prf: true, webauthn:virtualAuthenticators: true}
Session ID: 4b8ca6e39f84de14be1e8fafbbc731ef
*** Element info: {Using=xpath, value=//*[.='LOGIN']}
2023-10-27 17:20:31,480 INFO t.TestBase [TestBase.java:40] Finished test ----> loginPositiveUserDTO
2023-10-27 17:20:31,480 INFO t.TestBase [TestBase.java:41] ================================================================
2023-10-27 17:20:31,489 INFO t.TestBase [TestBase.java:35] Started test ----> addNewContactPositiveDTO
2023-10-27 17:20:31,491 INFO m.WDListener [WDListener.java:21] Start searching element by locator --> By.xpath: //*[.='Sign Out']
2023-10-27 17:20:31,516 INFO m.WDListener [WDListener.java:27] Element with locator --> By.xpath: //*[.='Sign Out'] is found
2023-10-27 17:20:31,517 INFO m.NGListener [NGListener.java:16] Start of the test --> addNewContactPositiveDTO
2023-10-27 17:20:31,529 INFO m.WDListener [WDListener.java:21] Start searching element by locator --> By.xpath: //a[.='ADD']
2023-10-27 17:20:31,545 INFO m.WDListener [WDListener.java:27] Element with locator --> By.xpath: //a[.='ADD'] is found
2023-10-27 17:20:31,625 INFO m.WDListener [WDListener.java:21] Start searching element by locator --> By.cssSelector: [placeholder='Name']
2023-10-27 17:20:31,657 INFO m.WDListener [WDListener.java:27] Element with locator --> By.cssSelector: [placeholder='Name'] is found
2023-10-27 17:20:31,828 INFO m.WDListener [WDListener.java:21] Start searching element by locator --> By.cssSelector: [placeholder='Last Name']
2023-10-27 17:20:31,848 INFO m.WDListener [WDListener.java:27] Element with locator --> By.cssSelector: [placeholder='Last Name'] is found
2023-10-27 17:20:31,958 INFO m.WDListener [WDListener.java:21] Start searching element by locator --> By.cssSelector: [placeholder='Phone']
2023-10-27 17:20:31,973 INFO m.WDListener [WDListener.java:27] Element with locator --> By.cssSelector: [placeholder='Phone'] is found
2023-10-27 17:20:32,089 INFO m.WDListener [WDListener.java:21] Start searching element by locator --> By.cssSelector: [placeholder='email']
2023-10-27 17:20:32,104 INFO m.WDListener [WDListener.java:27] Element with locator --> By.cssSelector: [placeholder='email'] is found
2023-10-27 17:20:32,237 INFO m.WDListener [WDListener.java:21] Start searching element by locator --> By.cssSelector: [placeholder='Address']
2023-10-27 17:20:32,252 INFO m.WDListener [WDListener.java:27] Element with locator --> By.cssSelector: [placeholder='Address'] is found
2023-10-27 17:20:32,359 INFO m.WDListener [WDListener.java:21] Start searching element by locator --> By.cssSelector: [placeholder='description']
2023-10-27 17:20:32,374 INFO m.WDListener [WDListener.java:27] Element with locator --> By.cssSelector: [placeholder='description'] is found
2023-10-27 17:20:32,484 INFO m.WDListener [WDListener.java:21] Start searching element by locator --> By.xpath: //button[.='Save']
2023-10-27 17:20:32,499 INFO m.WDListener [WDListener.java:27] Element with locator --> By.xpath: //button[.='Save'] is found
2023-10-27 17:20:32,538 INFO m.WDListener [WDListener.java:21] Start searching element by locator --> By.xpath: //div[@class='contact-item_card__2SOIM'][last()]//h3
2023-10-27 17:20:33,644 INFO m.WDListener [WDListener.java:27] Element with locator --> By.xpath: //div[@class='contact-item_card__2SOIM'][last()]//h3 is found
2023-10-27 17:20:33,676 INFO m.NGListener [NGListener.java:22] Success test --> addNewContactPositiveDTO
2023-10-27 17:20:33,678 INFO t.TestBase [TestBase.java:40] Finished test ----> addNewContactPositiveDTO
2023-10-27 17:20:33,679 INFO t.TestBase [TestBase.java:41] ================================================================
2023-10-27 17:20:33,680 INFO t.TestBase [TestBase.java:35] Started test ----> addNewContactPositiveDTO
2023-10-27 17:20:33,681 INFO m.WDListener [WDListener.java:21] Start searching element by locator --> By.xpath: //*[.='Sign Out']
2023-10-27 17:20:33,696 INFO m.WDListener [WDListener.java:27] Element with locator --> By.xpath: //*[.='Sign Out'] is found
2023-10-27 17:20:33,697 INFO m.NGListener [NGListener.java:16] Start of the test --> addNewContactPositiveDTO
2023-10-27 17:20:33,697 INFO m.WDListener [WDListener.java:21] Start searching element by locator --> By.xpath: //a[.='ADD']
2023-10-27 17:20:33,712 INFO m.WDListener [WDListener.java:27] Element with locator --> By.xpath: //a[.='ADD'] is found
2023-10-27 17:20:33,770 INFO m.WDListener [WDListener.java:21] Start searching element by locator --> By.cssSelector: [placeholder='Name']
2023-10-27 17:20:33,782 INFO m.WDListener [WDListener.java:27] Element with locator --> By.cssSelector: [placeholder='Name'] is found
2023-10-27 17:20:33,883 INFO m.WDListener [WDListener.java:21] Start searching element by locator --> By.cssSelector: [placeholder='Last Name']
2023-10-27 17:20:33,893 INFO m.WDListener [WDListener.java:27] Element with locator --> By.cssSelector: [placeholder='Last Name'] is found
2023-10-27 17:20:33,997 INFO m.WDListener [WDListener.java:21] Start searching element by locator --> By.cssSelector: [placeholder='Phone']
2023-10-27 17:20:34,007 INFO m.WDListener [WDListener.java:27] Element with locator --> By.cssSelector: [placeholder='Phone'] is found
2023-10-27 17:20:34,117 INFO m.WDListener [WDListener.java:21] Start searching element by locator --> By.cssSelector: [placeholder='email']
2023-10-27 17:20:34,128 INFO m.WDListener [WDListener.java:27] Element with locator --> By.cssSelector: [placeholder='email'] is found
2023-10-27 17:20:34,256 INFO m.WDListener [WDListener.java:21] Start searching element by locator --> By.cssSelector: [placeholder='Address']
2023-10-27 17:20:34,268 INFO m.WDListener [WDListener.java:27] Element with locator --> By.cssSelector: [placeholder='Address'] is found
2023-10-27 17:20:34,380 INFO m.WDListener [WDListener.java:21] Start searching element by locator --> By.cssSelector: [placeholder='description']
2023-10-27 17:20:34,390 INFO m.WDListener [WDListener.java:27] Element with locator --> By.cssSelector: [placeholder='description'] is found
2023-10-27 17:20:34,491 INFO m.WDListener [WDListener.java:21] Start searching element by locator --> By.xpath: //button[.='Save']
2023-10-27 17:20:34,501 INFO m.WDListener [WDListener.java:27] Element with locator --> By.xpath: //button[.='Save'] is found
2023-10-27 17:20:34,534 INFO m.WDListener [WDListener.java:21] Start searching element by locator --> By.xpath: //div[@class='contact-item_card__2SOIM'][last()]//h3
2023-10-27 17:20:35,012 INFO m.WDListener [WDListener.java:27] Element with locator --> By.xpath: //div[@class='contact-item_card__2SOIM'][last()]//h3 is found
2023-10-27 17:20:35,029 INFO m.NGListener [NGListener.java:22] Success test --> addNewContactPositiveDTO
2023-10-27 17:20:35,031 INFO t.TestBase [TestBase.java:40] Finished test ----> addNewContactPositiveDTO
2023-10-27 17:20:35,032 INFO t.TestBase [TestBase.java:41] ================================================================
2023-10-27 17:20:35,339 INFO m.ApplicationManager [ApplicationManager.java:62] Tests completed
