2023-10-11 16:36:51,659 INFO m.ApplicationManager [ApplicationManager.java:35] Test started on FireFox
2023-10-11 16:36:52,370 INFO m.ApplicationManager [ApplicationManager.java:39] Navigated to the link ---> https://telranedu.web.app/home
2023-10-11 16:36:52,436 INFO t.TestBase [TestBase.java:34] Started test ----> loginNegativeTestWrongEmail
2023-10-11 16:36:52,438 INFO m.NGListener [NGListener.java:16] Start of the test --> loginNegativeTestWrongEmail
2023-10-11 16:36:52,439 INFO m.WDListener [WDListener.java:21] Start searching element by locator --> By.xpath: //*[.='LOGIN']
2023-10-11 16:36:52,475 INFO m.WDListener [WDListener.java:27] Element with locator --> By.xpath: //*[.='LOGIN'] is found
2023-10-11 16:36:52,749 INFO m.WDListener [WDListener.java:21] Start searching element by locator --> By.xpath: //input[1]
2023-10-11 16:36:52,757 INFO m.WDListener [WDListener.java:27] Element with locator --> By.xpath: //input[1] is found
2023-10-11 16:36:53,023 INFO m.WDListener [WDListener.java:21] Start searching element by locator --> By.xpath: //input[2]
2023-10-11 16:36:53,034 INFO m.WDListener [WDListener.java:27] Element with locator --> By.xpath: //input[2] is found
2023-10-11 16:36:53,314 INFO m.WDListener [WDListener.java:21] Start searching element by locator --> By.xpath: //button[1]
2023-10-11 16:36:53,321 INFO m.WDListener [WDListener.java:27] Element with locator --> By.xpath: //button[1] is found
2023-10-11 16:36:54,637 INFO m.NGListener [NGListener.java:22] Success test --> loginNegativeTestWrongEmail
2023-10-11 16:36:54,639 INFO t.TestBase [TestBase.java:39] Finished test ----> loginNegativeTestWrongEmail
2023-10-11 16:36:54,639 INFO t.TestBase [TestBase.java:40] ================================================================
2023-10-11 16:36:54,641 INFO t.TestBase [TestBase.java:34] Started test ----> loginPositiveTest
2023-10-11 16:36:54,641 INFO m.NGListener [NGListener.java:16] Start of the test --> loginPositiveTest
2023-10-11 16:36:54,642 INFO m.WDListener [WDListener.java:21] Start searching element by locator --> By.xpath: //*[.='LOGIN']
2023-10-11 16:36:54,653 INFO m.WDListener [WDListener.java:27] Element with locator --> By.xpath: //*[.='LOGIN'] is found
2023-10-11 16:36:54,884 INFO m.WDListener [WDListener.java:21] Start searching element by locator --> By.xpath: //input[1]
2023-10-11 16:36:54,890 INFO m.WDListener [WDListener.java:27] Element with locator --> By.xpath: //input[1] is found
2023-10-11 16:36:55,155 INFO m.WDListener [WDListener.java:21] Start searching element by locator --> By.xpath: //input[2]
2023-10-11 16:36:55,162 INFO m.WDListener [WDListener.java:27] Element with locator --> By.xpath: //input[2] is found
2023-10-11 16:36:55,432 INFO m.WDListener [WDListener.java:21] Start searching element by locator --> By.xpath: //button[1]
2023-10-11 16:36:55,438 INFO m.WDListener [WDListener.java:27] Element with locator --> By.xpath: //button[1] is found
2023-10-11 16:36:58,657 INFO m.WDListener [WDListener.java:21] Start searching element by locator --> By.tagName: button
2023-10-11 16:36:58,671 INFO m.WDListener [WDListener.java:27] Element with locator --> By.tagName: button is found
2023-10-11 16:36:58,672 INFO m.NGListener [NGListener.java:22] Success test --> loginPositiveTest
2023-10-11 16:36:58,672 INFO t.TestBase [TestBase.java:39] Finished test ----> loginPositiveTest
2023-10-11 16:36:58,673 INFO t.TestBase [TestBase.java:40] ================================================================
2023-10-11 16:36:58,674 INFO t.TestBase [TestBase.java:34] Started test ----> loginPositiveTestModel
2023-10-11 16:36:58,674 INFO m.NGListener [NGListener.java:16] Start of the test --> loginPositiveTestModel
2023-10-11 16:36:58,678 INFO m.WDListener [WDListener.java:21] Start searching element by locator --> By.xpath: //*[.='LOGIN']
2023-10-11 16:37:01,700 INFO m.WDListener [WDListener.java:34] Something went wrong!!!
2023-10-11 16:37:01,701 INFO m.WDListener [WDListener.java:35] Unable to locate element: //*[.='LOGIN']
For documentation on this error, please visit: https://www.seleniumhq.org/exceptions/no_such_element.html
Build info: version: '3.141.59', revision: 'e82be7d358', time: '2018-11-14T08:17:03'
System info: host: 'LAPTOP-7OQN3UU0', ip: '10.100.102.10', os.name: 'Windows 10', os.arch: 'amd64', os.version: '10.0', java.version: '15.0.2'
Driver info: org.openqa.selenium.firefox.FirefoxDriver
Capabilities {acceptInsecureCerts: true, browserName: firefox, browserVersion: 118.0.2, javascriptEnabled: true, moz:accessibilityChecks: false, moz:buildID: 20231009140911, moz:geckodriverVersion: 0.33.0, moz:headless: false, moz:platformVersion: 10.0, moz:processID: 19688, moz:profile: C:\Users\nikan\AppData\Loca..., moz:shutdownTimeout: 60000, moz:webdriverClick: true, moz:windowless: false, pageLoadStrategy: normal, platform: WINDOWS, platformName: WINDOWS, proxy: Proxy(), setWindowRect: true, strictFileInteractability: false, timeouts: {implicit: 0, pageLoad: 300000, script: 30000}, unhandledPromptBehavior: dismiss and notify}
Session ID: ceb2a930-ee0c-4616-847e-57642ff3199a
*** Element info: {Using=xpath, value=//*[.='LOGIN']}
2023-10-11 16:37:01,702 INFO m.WDListener [WDListener.java:36] org.openqa.selenium.NoSuchElementException: Unable to locate element: //*[.='LOGIN']
For documentation on this error, please visit: https://www.seleniumhq.org/exceptions/no_such_element.html
Build info: version: '3.141.59', revision: 'e82be7d358', time: '2018-11-14T08:17:03'
System info: host: 'LAPTOP-7OQN3UU0', ip: '10.100.102.10', os.name: 'Windows 10', os.arch: 'amd64', os.version: '10.0', java.version: '15.0.2'
Driver info: org.openqa.selenium.firefox.FirefoxDriver
Capabilities {acceptInsecureCerts: true, browserName: firefox, browserVersion: 118.0.2, javascriptEnabled: true, moz:accessibilityChecks: false, moz:buildID: 20231009140911, moz:geckodriverVersion: 0.33.0, moz:headless: false, moz:platformVersion: 10.0, moz:processID: 19688, moz:profile: C:\Users\nikan\AppData\Loca..., moz:shutdownTimeout: 60000, moz:webdriverClick: true, moz:windowless: false, pageLoadStrategy: normal, platform: WINDOWS, platformName: WINDOWS, proxy: Proxy(), setWindowRect: true, strictFileInteractability: false, timeouts: {implicit: 0, pageLoad: 300000, script: 30000}, unhandledPromptBehavior: dismiss and notify}
Session ID: ceb2a930-ee0c-4616-847e-57642ff3199a
*** Element info: {Using=xpath, value=//*[.='LOGIN']}
2023-10-11 16:37:01,999 INFO m.WDListener [WDListener.java:41] Here is the path to screenshot with error --> src/test/screenshots/screenshot-2221.png
2023-10-11 16:37:02,000 INFO m.NGListener [NGListener.java:29] Failure test --> org.openqa.selenium.NoSuchElementException: Unable to locate element: //*[.='LOGIN']
For documentation on this error, please visit: https://www.seleniumhq.org/exceptions/no_such_element.html
Build info: version: '3.141.59', revision: 'e82be7d358', time: '2018-11-14T08:17:03'
System info: host: 'LAPTOP-7OQN3UU0', ip: '10.100.102.10', os.name: 'Windows 10', os.arch: 'amd64', os.version: '10.0', java.version: '15.0.2'
Driver info: org.openqa.selenium.firefox.FirefoxDriver
Capabilities {acceptInsecureCerts: true, browserName: firefox, browserVersion: 118.0.2, javascriptEnabled: true, moz:accessibilityChecks: false, moz:buildID: 20231009140911, moz:geckodriverVersion: 0.33.0, moz:headless: false, moz:platformVersion: 10.0, moz:processID: 19688, moz:profile: C:\Users\nikan\AppData\Loca..., moz:shutdownTimeout: 60000, moz:webdriverClick: true, moz:windowless: false, pageLoadStrategy: normal, platform: WINDOWS, platformName: WINDOWS, proxy: Proxy(), setWindowRect: true, strictFileInteractability: false, timeouts: {implicit: 0, pageLoad: 300000, script: 30000}, unhandledPromptBehavior: dismiss and notify}
Session ID: ceb2a930-ee0c-4616-847e-57642ff3199a
*** Element info: {Using=xpath, value=//*[.='LOGIN']}
2023-10-11 16:37:02,001 INFO t.TestBase [TestBase.java:39] Finished test ----> loginPositiveTestModel
2023-10-11 16:37:02,001 INFO t.TestBase [TestBase.java:40] ================================================================
2023-10-11 16:37:03,361 INFO m.ApplicationManager [ApplicationManager.java:47] Tests completed
