2023-10-27 17:20:58,156 INFO m.ApplicationManager [ApplicationManager.java:47] Test started on Chrome
2023-10-27 17:20:58,784 INFO m.ApplicationManager [ApplicationManager.java:54] Navigated to the link ---> https://telranedu.web.app/home
2023-10-27 17:20:58,843 INFO t.TestBase [TestBase.java:35] Started test ----> loginNegativeTestWrongEmail
2023-10-27 17:20:58,846 INFO m.NGListener [NGListener.java:16] Start of the test --> loginNegativeTestWrongEmail
2023-10-27 17:20:58,847 INFO m.WDListener [WDListener.java:21] Start searching element by locator --> By.xpath: //*[.='LOGIN']
2023-10-27 17:20:58,871 INFO m.WDListener [WDListener.java:27] Element with locator --> By.xpath: //*[.='LOGIN'] is found
2023-10-27 17:20:58,943 INFO m.WDListener [WDListener.java:21] Start searching element by locator --> By.xpath: //input[1]
2023-10-27 17:20:58,960 INFO m.WDListener [WDListener.java:27] Element with locator --> By.xpath: //input[1] is found
2023-10-27 17:20:59,122 INFO m.WDListener [WDListener.java:21] Start searching element by locator --> By.xpath: //input[2]
2023-10-27 17:20:59,138 INFO m.WDListener [WDListener.java:27] Element with locator --> By.xpath: //input[2] is found
2023-10-27 17:20:59,260 INFO m.WDListener [WDListener.java:21] Start searching element by locator --> By.xpath: //button[1]
2023-10-27 17:20:59,277 INFO m.WDListener [WDListener.java:27] Element with locator --> By.xpath: //button[1] is found
2023-10-27 17:21:00,893 INFO m.NGListener [NGListener.java:22] Success test --> loginNegativeTestWrongEmail
2023-10-27 17:21:00,895 INFO t.TestBase [TestBase.java:40] Finished test ----> loginNegativeTestWrongEmail
2023-10-27 17:21:00,895 INFO t.TestBase [TestBase.java:41] ================================================================
2023-10-27 17:21:00,899 INFO t.TestBase [TestBase.java:35] Started test ----> loginPositiveTest
2023-10-27 17:21:00,900 INFO m.NGListener [NGListener.java:16] Start of the test --> loginPositiveTest
2023-10-27 17:21:00,900 INFO m.WDListener [WDListener.java:21] Start searching element by locator --> By.xpath: //*[.='LOGIN']
2023-10-27 17:21:00,912 INFO m.WDListener [WDListener.java:27] Element with locator --> By.xpath: //*[.='LOGIN'] is found
2023-10-27 17:21:00,964 INFO m.WDListener [WDListener.java:21] Start searching element by locator --> By.xpath: //input[1]
2023-10-27 17:21:00,977 INFO m.WDListener [WDListener.java:27] Element with locator --> By.xpath: //input[1] is found
2023-10-27 17:21:01,143 INFO m.WDListener [WDListener.java:21] Start searching element by locator --> By.xpath: //input[2]
2023-10-27 17:21:01,155 INFO m.WDListener [WDListener.java:27] Element with locator --> By.xpath: //input[2] is found
2023-10-27 17:21:01,288 INFO m.WDListener [WDListener.java:21] Start searching element by locator --> By.xpath: //button[1]
2023-10-27 17:21:01,300 INFO m.WDListener [WDListener.java:27] Element with locator --> By.xpath: //button[1] is found
2023-10-27 17:21:04,339 INFO m.WDListener [WDListener.java:21] Start searching element by locator --> By.tagName: button
2023-10-27 17:21:04,375 INFO m.WDListener [WDListener.java:27] Element with locator --> By.tagName: button is found
2023-10-27 17:21:04,376 INFO m.NGListener [NGListener.java:22] Success test --> loginPositiveTest
2023-10-27 17:21:04,377 INFO t.TestBase [TestBase.java:40] Finished test ----> loginPositiveTest
2023-10-27 17:21:04,378 INFO t.TestBase [TestBase.java:41] ================================================================
2023-10-27 17:21:04,380 INFO t.TestBase [TestBase.java:35] Started test ----> loginPositiveTestModel
2023-10-27 17:21:04,381 INFO m.NGListener [NGListener.java:16] Start of the test --> loginPositiveTestModel
2023-10-27 17:21:04,383 INFO m.WDListener [WDListener.java:21] Start searching element by locator --> By.xpath: //*[.='LOGIN']
2023-10-27 17:21:07,396 INFO m.WDListener [WDListener.java:34] Something went wrong!!!
2023-10-27 17:21:07,397 INFO m.WDListener [WDListener.java:35] no such element: Unable to locate element: {"method":"xpath","selector":"//*[.='LOGIN']"}
  (Session info: chrome=118.0.5993.72)
For documentation on this error, please visit: https://www.seleniumhq.org/exceptions/no_such_element.html
Build info: version: '3.141.59', revision: 'e82be7d358', time: '2018-11-14T08:17:03'
System info: host: 'LAPTOP-7OQN3UU0', ip: '172.20.10.5', os.name: 'Windows 10', os.arch: 'amd64', os.version: '10.0', java.version: '17.0.8'
Driver info: org.openqa.selenium.chrome.ChromeDriver
Capabilities {acceptInsecureCerts: false, browserName: chrome, browserVersion: 118.0.5993.72, chrome: {chromedriverVersion: 118.0.5993.70 (e52f33f30b91..., userDataDir: C:\Users\nikan\AppData\Loca...}, fedcm:accounts: true, goog:chromeOptions: {debuggerAddress: localhost:62764}, javascriptEnabled: true, networkConnectionEnabled: false, pageLoadStrategy: normal, platform: WINDOWS, platformName: WINDOWS, proxy: Proxy(), setWindowRect: true, strictFileInteractability: false, timeouts: {implicit: 0, pageLoad: 300000, script: 30000}, unhandledPromptBehavior: dismiss and notify, webauthn:extension:credBlob: true, webauthn:extension:largeBlob: true, webauthn:extension:minPinLength: true, webauthn:extension:prf: true, webauthn:virtualAuthenticators: true}
Session ID: 312caaca82833f8b112395783305ca35
*** Element info: {Using=xpath, value=//*[.='LOGIN']}
2023-10-27 17:21:07,398 INFO m.WDListener [WDListener.java:36] org.openqa.selenium.NoSuchElementException: no such element: Unable to locate element: {"method":"xpath","selector":"//*[.='LOGIN']"}
  (Session info: chrome=118.0.5993.72)
For documentation on this error, please visit: https://www.seleniumhq.org/exceptions/no_such_element.html
Build info: version: '3.141.59', revision: 'e82be7d358', time: '2018-11-14T08:17:03'
System info: host: 'LAPTOP-7OQN3UU0', ip: '172.20.10.5', os.name: 'Windows 10', os.arch: 'amd64', os.version: '10.0', java.version: '17.0.8'
Driver info: org.openqa.selenium.chrome.ChromeDriver
Capabilities {acceptInsecureCerts: false, browserName: chrome, browserVersion: 118.0.5993.72, chrome: {chromedriverVersion: 118.0.5993.70 (e52f33f30b91..., userDataDir: C:\Users\nikan\AppData\Loca...}, fedcm:accounts: true, goog:chromeOptions: {debuggerAddress: localhost:62764}, javascriptEnabled: true, networkConnectionEnabled: false, pageLoadStrategy: normal, platform: WINDOWS, platformName: WINDOWS, proxy: Proxy(), setWindowRect: true, strictFileInteractability: false, timeouts: {implicit: 0, pageLoad: 300000, script: 30000}, unhandledPromptBehavior: dismiss and notify, webauthn:extension:credBlob: true, webauthn:extension:largeBlob: true, webauthn:extension:minPinLength: true, webauthn:extension:prf: true, webauthn:virtualAuthenticators: true}
Session ID: 312caaca82833f8b112395783305ca35
*** Element info: {Using=xpath, value=//*[.='LOGIN']}
2023-10-27 17:21:07,780 INFO m.WDListener [WDListener.java:41] Here is the path to screenshot with error --> src/test/screenshots/screenshot-1267.png
2023-10-27 17:21:07,781 INFO m.NGListener [NGListener.java:29] Failure test --> org.openqa.selenium.NoSuchElementException: no such element: Unable to locate element: {"method":"xpath","selector":"//*[.='LOGIN']"}
  (Session info: chrome=118.0.5993.72)
For documentation on this error, please visit: https://www.seleniumhq.org/exceptions/no_such_element.html
Build info: version: '3.141.59', revision: 'e82be7d358', time: '2018-11-14T08:17:03'
System info: host: 'LAPTOP-7OQN3UU0', ip: '172.20.10.5', os.name: 'Windows 10', os.arch: 'amd64', os.version: '10.0', java.version: '17.0.8'
Driver info: org.openqa.selenium.chrome.ChromeDriver
Capabilities {acceptInsecureCerts: false, browserName: chrome, browserVersion: 118.0.5993.72, chrome: {chromedriverVersion: 118.0.5993.70 (e52f33f30b91..., userDataDir: C:\Users\nikan\AppData\Loca...}, fedcm:accounts: true, goog:chromeOptions: {debuggerAddress: localhost:62764}, javascriptEnabled: true, networkConnectionEnabled: false, pageLoadStrategy: normal, platform: WINDOWS, platformName: WINDOWS, proxy: Proxy(), setWindowRect: true, strictFileInteractability: false, timeouts: {implicit: 0, pageLoad: 300000, script: 30000}, unhandledPromptBehavior: dismiss and notify, webauthn:extension:credBlob: true, webauthn:extension:largeBlob: true, webauthn:extension:minPinLength: true, webauthn:extension:prf: true, webauthn:virtualAuthenticators: true}
Session ID: 312caaca82833f8b112395783305ca35
*** Element info: {Using=xpath, value=//*[.='LOGIN']}
2023-10-27 17:21:07,782 INFO t.TestBase [TestBase.java:40] Finished test ----> loginPositiveTestModel
2023-10-27 17:21:07,782 INFO t.TestBase [TestBase.java:41] ================================================================
2023-10-27 17:21:07,783 INFO t.TestBase [TestBase.java:35] Started test ----> loginPositiveTestProperties
2023-10-27 17:21:07,783 INFO m.NGListener [NGListener.java:16] Start of the test --> loginPositiveTestProperties
2023-10-27 17:21:07,783 INFO m.WDListener [WDListener.java:21] Start searching element by locator --> By.xpath: //*[.='LOGIN']
2023-10-27 17:21:10,834 INFO m.WDListener [WDListener.java:34] Something went wrong!!!
2023-10-27 17:21:10,834 INFO m.WDListener [WDListener.java:35] no such element: Unable to locate element: {"method":"xpath","selector":"//*[.='LOGIN']"}
  (Session info: chrome=118.0.5993.72)
For documentation on this error, please visit: https://www.seleniumhq.org/exceptions/no_such_element.html
Build info: version: '3.141.59', revision: 'e82be7d358', time: '2018-11-14T08:17:03'
System info: host: 'LAPTOP-7OQN3UU0', ip: '172.20.10.5', os.name: 'Windows 10', os.arch: 'amd64', os.version: '10.0', java.version: '17.0.8'
Driver info: org.openqa.selenium.chrome.ChromeDriver
Capabilities {acceptInsecureCerts: false, browserName: chrome, browserVersion: 118.0.5993.72, chrome: {chromedriverVersion: 118.0.5993.70 (e52f33f30b91..., userDataDir: C:\Users\nikan\AppData\Loca...}, fedcm:accounts: true, goog:chromeOptions: {debuggerAddress: localhost:62764}, javascriptEnabled: true, networkConnectionEnabled: false, pageLoadStrategy: normal, platform: WINDOWS, platformName: WINDOWS, proxy: Proxy(), setWindowRect: true, strictFileInteractability: false, timeouts: {implicit: 0, pageLoad: 300000, script: 30000}, unhandledPromptBehavior: dismiss and notify, webauthn:extension:credBlob: true, webauthn:extension:largeBlob: true, webauthn:extension:minPinLength: true, webauthn:extension:prf: true, webauthn:virtualAuthenticators: true}
Session ID: 312caaca82833f8b112395783305ca35
*** Element info: {Using=xpath, value=//*[.='LOGIN']}
2023-10-27 17:21:10,835 INFO m.WDListener [WDListener.java:36] org.openqa.selenium.NoSuchElementException: no such element: Unable to locate element: {"method":"xpath","selector":"//*[.='LOGIN']"}
  (Session info: chrome=118.0.5993.72)
For documentation on this error, please visit: https://www.seleniumhq.org/exceptions/no_such_element.html
Build info: version: '3.141.59', revision: 'e82be7d358', time: '2018-11-14T08:17:03'
System info: host: 'LAPTOP-7OQN3UU0', ip: '172.20.10.5', os.name: 'Windows 10', os.arch: 'amd64', os.version: '10.0', java.version: '17.0.8'
Driver info: org.openqa.selenium.chrome.ChromeDriver
Capabilities {acceptInsecureCerts: false, browserName: chrome, browserVersion: 118.0.5993.72, chrome: {chromedriverVersion: 118.0.5993.70 (e52f33f30b91..., userDataDir: C:\Users\nikan\AppData\Loca...}, fedcm:accounts: true, goog:chromeOptions: {debuggerAddress: localhost:62764}, javascriptEnabled: true, networkConnectionEnabled: false, pageLoadStrategy: normal, platform: WINDOWS, platformName: WINDOWS, proxy: Proxy(), setWindowRect: true, strictFileInteractability: false, timeouts: {implicit: 0, pageLoad: 300000, script: 30000}, unhandledPromptBehavior: dismiss and notify, webauthn:extension:credBlob: true, webauthn:extension:largeBlob: true, webauthn:extension:minPinLength: true, webauthn:extension:prf: true, webauthn:virtualAuthenticators: true}
Session ID: 312caaca82833f8b112395783305ca35
*** Element info: {Using=xpath, value=//*[.='LOGIN']}
2023-10-27 17:21:11,159 INFO m.WDListener [WDListener.java:41] Here is the path to screenshot with error --> src/test/screenshots/screenshot-1270.png
2023-10-27 17:21:11,159 INFO m.NGListener [NGListener.java:29] Failure test --> org.openqa.selenium.NoSuchElementException: no such element: Unable to locate element: {"method":"xpath","selector":"//*[.='LOGIN']"}
  (Session info: chrome=118.0.5993.72)
For documentation on this error, please visit: https://www.seleniumhq.org/exceptions/no_such_element.html
Build info: version: '3.141.59', revision: 'e82be7d358', time: '2018-11-14T08:17:03'
System info: host: 'LAPTOP-7OQN3UU0', ip: '172.20.10.5', os.name: 'Windows 10', os.arch: 'amd64', os.version: '10.0', java.version: '17.0.8'
Driver info: org.openqa.selenium.chrome.ChromeDriver
Capabilities {acceptInsecureCerts: false, browserName: chrome, browserVersion: 118.0.5993.72, chrome: {chromedriverVersion: 118.0.5993.70 (e52f33f30b91..., userDataDir: C:\Users\nikan\AppData\Loca...}, fedcm:accounts: true, goog:chromeOptions: {debuggerAddress: localhost:62764}, javascriptEnabled: true, networkConnectionEnabled: false, pageLoadStrategy: normal, platform: WINDOWS, platformName: WINDOWS, proxy: Proxy(), setWindowRect: true, strictFileInteractability: false, timeouts: {implicit: 0, pageLoad: 300000, script: 30000}, unhandledPromptBehavior: dismiss and notify, webauthn:extension:credBlob: true, webauthn:extension:largeBlob: true, webauthn:extension:minPinLength: true, webauthn:extension:prf: true, webauthn:virtualAuthenticators: true}
Session ID: 312caaca82833f8b112395783305ca35
*** Element info: {Using=xpath, value=//*[.='LOGIN']}
2023-10-27 17:21:11,160 INFO t.TestBase [TestBase.java:40] Finished test ----> loginPositiveTestProperties
2023-10-27 17:21:11,160 INFO t.TestBase [TestBase.java:41] ================================================================
2023-10-27 17:21:11,169 INFO t.TestBase [TestBase.java:35] Started test ----> loginPositiveUserDTO
2023-10-27 17:21:11,169 INFO m.NGListener [NGListener.java:16] Start of the test --> loginPositiveUserDTO
2023-10-27 17:21:11,170 INFO m.WDListener [WDListener.java:21] Start searching element by locator --> By.xpath: //*[.='LOGIN']
2023-10-27 17:21:14,187 INFO m.WDListener [WDListener.java:34] Something went wrong!!!
2023-10-27 17:21:14,187 INFO m.WDListener [WDListener.java:35] no such element: Unable to locate element: {"method":"xpath","selector":"//*[.='LOGIN']"}
  (Session info: chrome=118.0.5993.72)
For documentation on this error, please visit: https://www.seleniumhq.org/exceptions/no_such_element.html
Build info: version: '3.141.59', revision: 'e82be7d358', time: '2018-11-14T08:17:03'
System info: host: 'LAPTOP-7OQN3UU0', ip: '172.20.10.5', os.name: 'Windows 10', os.arch: 'amd64', os.version: '10.0', java.version: '17.0.8'
Driver info: org.openqa.selenium.chrome.ChromeDriver
Capabilities {acceptInsecureCerts: false, browserName: chrome, browserVersion: 118.0.5993.72, chrome: {chromedriverVersion: 118.0.5993.70 (e52f33f30b91..., userDataDir: C:\Users\nikan\AppData\Loca...}, fedcm:accounts: true, goog:chromeOptions: {debuggerAddress: localhost:62764}, javascriptEnabled: true, networkConnectionEnabled: false, pageLoadStrategy: normal, platform: WINDOWS, platformName: WINDOWS, proxy: Proxy(), setWindowRect: true, strictFileInteractability: false, timeouts: {implicit: 0, pageLoad: 300000, script: 30000}, unhandledPromptBehavior: dismiss and notify, webauthn:extension:credBlob: true, webauthn:extension:largeBlob: true, webauthn:extension:minPinLength: true, webauthn:extension:prf: true, webauthn:virtualAuthenticators: true}
Session ID: 312caaca82833f8b112395783305ca35
*** Element info: {Using=xpath, value=//*[.='LOGIN']}
2023-10-27 17:21:14,188 INFO m.WDListener [WDListener.java:36] org.openqa.selenium.NoSuchElementException: no such element: Unable to locate element: {"method":"xpath","selector":"//*[.='LOGIN']"}
  (Session info: chrome=118.0.5993.72)
For documentation on this error, please visit: https://www.seleniumhq.org/exceptions/no_such_element.html
Build info: version: '3.141.59', revision: 'e82be7d358', time: '2018-11-14T08:17:03'
System info: host: 'LAPTOP-7OQN3UU0', ip: '172.20.10.5', os.name: 'Windows 10', os.arch: 'amd64', os.version: '10.0', java.version: '17.0.8'
Driver info: org.openqa.selenium.chrome.ChromeDriver
Capabilities {acceptInsecureCerts: false, browserName: chrome, browserVersion: 118.0.5993.72, chrome: {chromedriverVersion: 118.0.5993.70 (e52f33f30b91..., userDataDir: C:\Users\nikan\AppData\Loca...}, fedcm:accounts: true, goog:chromeOptions: {debuggerAddress: localhost:62764}, javascriptEnabled: true, networkConnectionEnabled: false, pageLoadStrategy: normal, platform: WINDOWS, platformName: WINDOWS, proxy: Proxy(), setWindowRect: true, strictFileInteractability: false, timeouts: {implicit: 0, pageLoad: 300000, script: 30000}, unhandledPromptBehavior: dismiss and notify, webauthn:extension:credBlob: true, webauthn:extension:largeBlob: true, webauthn:extension:minPinLength: true, webauthn:extension:prf: true, webauthn:virtualAuthenticators: true}
Session ID: 312caaca82833f8b112395783305ca35
*** Element info: {Using=xpath, value=//*[.='LOGIN']}
2023-10-27 17:21:14,499 INFO m.WDListener [WDListener.java:41] Here is the path to screenshot with error --> src/test/screenshots/screenshot-1274.png
2023-10-27 17:21:14,500 INFO m.NGListener [NGListener.java:29] Failure test --> org.openqa.selenium.NoSuchElementException: no such element: Unable to locate element: {"method":"xpath","selector":"//*[.='LOGIN']"}
  (Session info: chrome=118.0.5993.72)
For documentation on this error, please visit: https://www.seleniumhq.org/exceptions/no_such_element.html
Build info: version: '3.141.59', revision: 'e82be7d358', time: '2018-11-14T08:17:03'
System info: host: 'LAPTOP-7OQN3UU0', ip: '172.20.10.5', os.name: 'Windows 10', os.arch: 'amd64', os.version: '10.0', java.version: '17.0.8'
Driver info: org.openqa.selenium.chrome.ChromeDriver
Capabilities {acceptInsecureCerts: false, browserName: chrome, browserVersion: 118.0.5993.72, chrome: {chromedriverVersion: 118.0.5993.70 (e52f33f30b91..., userDataDir: C:\Users\nikan\AppData\Loca...}, fedcm:accounts: true, goog:chromeOptions: {debuggerAddress: localhost:62764}, javascriptEnabled: true, networkConnectionEnabled: false, pageLoadStrategy: normal, platform: WINDOWS, platformName: WINDOWS, proxy: Proxy(), setWindowRect: true, strictFileInteractability: false, timeouts: {implicit: 0, pageLoad: 300000, script: 30000}, unhandledPromptBehavior: dismiss and notify, webauthn:extension:credBlob: true, webauthn:extension:largeBlob: true, webauthn:extension:minPinLength: true, webauthn:extension:prf: true, webauthn:virtualAuthenticators: true}
Session ID: 312caaca82833f8b112395783305ca35
*** Element info: {Using=xpath, value=//*[.='LOGIN']}
2023-10-27 17:21:14,502 INFO t.TestBase [TestBase.java:40] Finished test ----> loginPositiveUserDTO
2023-10-27 17:21:14,502 INFO t.TestBase [TestBase.java:41] ================================================================
2023-10-27 17:21:14,504 INFO t.TestBase [TestBase.java:35] Started test ----> loginPositiveUserDTO
2023-10-27 17:21:14,505 INFO m.NGListener [NGListener.java:16] Start of the test --> loginPositiveUserDTO
2023-10-27 17:21:14,506 INFO m.WDListener [WDListener.java:21] Start searching element by locator --> By.xpath: //*[.='LOGIN']
2023-10-27 17:21:17,563 INFO m.WDListener [WDListener.java:34] Something went wrong!!!
2023-10-27 17:21:17,563 INFO m.WDListener [WDListener.java:35] no such element: Unable to locate element: {"method":"xpath","selector":"//*[.='LOGIN']"}
  (Session info: chrome=118.0.5993.72)
For documentation on this error, please visit: https://www.seleniumhq.org/exceptions/no_such_element.html
Build info: version: '3.141.59', revision: 'e82be7d358', time: '2018-11-14T08:17:03'
System info: host: 'LAPTOP-7OQN3UU0', ip: '172.20.10.5', os.name: 'Windows 10', os.arch: 'amd64', os.version: '10.0', java.version: '17.0.8'
Driver info: org.openqa.selenium.chrome.ChromeDriver
Capabilities {acceptInsecureCerts: false, browserName: chrome, browserVersion: 118.0.5993.72, chrome: {chromedriverVersion: 118.0.5993.70 (e52f33f30b91..., userDataDir: C:\Users\nikan\AppData\Loca...}, fedcm:accounts: true, goog:chromeOptions: {debuggerAddress: localhost:62764}, javascriptEnabled: true, networkConnectionEnabled: false, pageLoadStrategy: normal, platform: WINDOWS, platformName: WINDOWS, proxy: Proxy(), setWindowRect: true, strictFileInteractability: false, timeouts: {implicit: 0, pageLoad: 300000, script: 30000}, unhandledPromptBehavior: dismiss and notify, webauthn:extension:credBlob: true, webauthn:extension:largeBlob: true, webauthn:extension:minPinLength: true, webauthn:extension:prf: true, webauthn:virtualAuthenticators: true}
Session ID: 312caaca82833f8b112395783305ca35
*** Element info: {Using=xpath, value=//*[.='LOGIN']}
2023-10-27 17:21:17,564 INFO m.WDListener [WDListener.java:36] org.openqa.selenium.NoSuchElementException: no such element: Unable to locate element: {"method":"xpath","selector":"//*[.='LOGIN']"}
  (Session info: chrome=118.0.5993.72)
For documentation on this error, please visit: https://www.seleniumhq.org/exceptions/no_such_element.html
Build info: version: '3.141.59', revision: 'e82be7d358', time: '2018-11-14T08:17:03'
System info: host: 'LAPTOP-7OQN3UU0', ip: '172.20.10.5', os.name: 'Windows 10', os.arch: 'amd64', os.version: '10.0', java.version: '17.0.8'
Driver info: org.openqa.selenium.chrome.ChromeDriver
Capabilities {acceptInsecureCerts: false, browserName: chrome, browserVersion: 118.0.5993.72, chrome: {chromedriverVersion: 118.0.5993.70 (e52f33f30b91..., userDataDir: C:\Users\nikan\AppData\Loca...}, fedcm:accounts: true, goog:chromeOptions: {debuggerAddress: localhost:62764}, javascriptEnabled: true, networkConnectionEnabled: false, pageLoadStrategy: normal, platform: WINDOWS, platformName: WINDOWS, proxy: Proxy(), setWindowRect: true, strictFileInteractability: false, timeouts: {implicit: 0, pageLoad: 300000, script: 30000}, unhandledPromptBehavior: dismiss and notify, webauthn:extension:credBlob: true, webauthn:extension:largeBlob: true, webauthn:extension:minPinLength: true, webauthn:extension:prf: true, webauthn:virtualAuthenticators: true}
Session ID: 312caaca82833f8b112395783305ca35
*** Element info: {Using=xpath, value=//*[.='LOGIN']}
2023-10-27 17:21:17,880 INFO m.WDListener [WDListener.java:41] Here is the path to screenshot with error --> src/test/screenshots/screenshot-1277.png
2023-10-27 17:21:17,881 INFO m.NGListener [NGListener.java:29] Failure test --> org.openqa.selenium.NoSuchElementException: no such element: Unable to locate element: {"method":"xpath","selector":"//*[.='LOGIN']"}
  (Session info: chrome=118.0.5993.72)
For documentation on this error, please visit: https://www.seleniumhq.org/exceptions/no_such_element.html
Build info: version: '3.141.59', revision: 'e82be7d358', time: '2018-11-14T08:17:03'
System info: host: 'LAPTOP-7OQN3UU0', ip: '172.20.10.5', os.name: 'Windows 10', os.arch: 'amd64', os.version: '10.0', java.version: '17.0.8'
Driver info: org.openqa.selenium.chrome.ChromeDriver
Capabilities {acceptInsecureCerts: false, browserName: chrome, browserVersion: 118.0.5993.72, chrome: {chromedriverVersion: 118.0.5993.70 (e52f33f30b91..., userDataDir: C:\Users\nikan\AppData\Loca...}, fedcm:accounts: true, goog:chromeOptions: {debuggerAddress: localhost:62764}, javascriptEnabled: true, networkConnectionEnabled: false, pageLoadStrategy: normal, platform: WINDOWS, platformName: WINDOWS, proxy: Proxy(), setWindowRect: true, strictFileInteractability: false, timeouts: {implicit: 0, pageLoad: 300000, script: 30000}, unhandledPromptBehavior: dismiss and notify, webauthn:extension:credBlob: true, webauthn:extension:largeBlob: true, webauthn:extension:minPinLength: true, webauthn:extension:prf: true, webauthn:virtualAuthenticators: true}
Session ID: 312caaca82833f8b112395783305ca35
*** Element info: {Using=xpath, value=//*[.='LOGIN']}
2023-10-27 17:21:17,882 INFO t.TestBase [TestBase.java:40] Finished test ----> loginPositiveUserDTO
2023-10-27 17:21:17,883 INFO t.TestBase [TestBase.java:41] ================================================================
2023-10-27 17:21:17,884 INFO t.TestBase [TestBase.java:35] Started test ----> loginPositiveUserDTO
2023-10-27 17:21:17,884 INFO m.NGListener [NGListener.java:16] Start of the test --> loginPositiveUserDTO
2023-10-27 17:21:17,885 INFO m.WDListener [WDListener.java:21] Start searching element by locator --> By.xpath: //*[.='LOGIN']
2023-10-27 17:21:20,903 INFO m.WDListener [WDListener.java:34] Something went wrong!!!
2023-10-27 17:21:20,904 INFO m.WDListener [WDListener.java:35] no such element: Unable to locate element: {"method":"xpath","selector":"//*[.='LOGIN']"}
  (Session info: chrome=118.0.5993.72)
For documentation on this error, please visit: https://www.seleniumhq.org/exceptions/no_such_element.html
Build info: version: '3.141.59', revision: 'e82be7d358', time: '2018-11-14T08:17:03'
System info: host: 'LAPTOP-7OQN3UU0', ip: '172.20.10.5', os.name: 'Windows 10', os.arch: 'amd64', os.version: '10.0', java.version: '17.0.8'
Driver info: org.openqa.selenium.chrome.ChromeDriver
Capabilities {acceptInsecureCerts: false, browserName: chrome, browserVersion: 118.0.5993.72, chrome: {chromedriverVersion: 118.0.5993.70 (e52f33f30b91..., userDataDir: C:\Users\nikan\AppData\Loca...}, fedcm:accounts: true, goog:chromeOptions: {debuggerAddress: localhost:62764}, javascriptEnabled: true, networkConnectionEnabled: false, pageLoadStrategy: normal, platform: WINDOWS, platformName: WINDOWS, proxy: Proxy(), setWindowRect: true, strictFileInteractability: false, timeouts: {implicit: 0, pageLoad: 300000, script: 30000}, unhandledPromptBehavior: dismiss and notify, webauthn:extension:credBlob: true, webauthn:extension:largeBlob: true, webauthn:extension:minPinLength: true, webauthn:extension:prf: true, webauthn:virtualAuthenticators: true}
Session ID: 312caaca82833f8b112395783305ca35
*** Element info: {Using=xpath, value=//*[.='LOGIN']}
2023-10-27 17:21:20,904 INFO m.WDListener [WDListener.java:36] org.openqa.selenium.NoSuchElementException: no such element: Unable to locate element: {"method":"xpath","selector":"//*[.='LOGIN']"}
  (Session info: chrome=118.0.5993.72)
For documentation on this error, please visit: https://www.seleniumhq.org/exceptions/no_such_element.html
Build info: version: '3.141.59', revision: 'e82be7d358', time: '2018-11-14T08:17:03'
System info: host: 'LAPTOP-7OQN3UU0', ip: '172.20.10.5', os.name: 'Windows 10', os.arch: 'amd64', os.version: '10.0', java.version: '17.0.8'
Driver info: org.openqa.selenium.chrome.ChromeDriver
Capabilities {acceptInsecureCerts: false, browserName: chrome, browserVersion: 118.0.5993.72, chrome: {chromedriverVersion: 118.0.5993.70 (e52f33f30b91..., userDataDir: C:\Users\nikan\AppData\Loca...}, fedcm:accounts: true, goog:chromeOptions: {debuggerAddress: localhost:62764}, javascriptEnabled: true, networkConnectionEnabled: false, pageLoadStrategy: normal, platform: WINDOWS, platformName: WINDOWS, proxy: Proxy(), setWindowRect: true, strictFileInteractability: false, timeouts: {implicit: 0, pageLoad: 300000, script: 30000}, unhandledPromptBehavior: dismiss and notify, webauthn:extension:credBlob: true, webauthn:extension:largeBlob: true, webauthn:extension:minPinLength: true, webauthn:extension:prf: true, webauthn:virtualAuthenticators: true}
Session ID: 312caaca82833f8b112395783305ca35
*** Element info: {Using=xpath, value=//*[.='LOGIN']}
2023-10-27 17:21:21,213 INFO m.WDListener [WDListener.java:41] Here is the path to screenshot with error --> src/test/screenshots/screenshot-1280.png
2023-10-27 17:21:21,214 INFO m.NGListener [NGListener.java:29] Failure test --> org.openqa.selenium.NoSuchElementException: no such element: Unable to locate element: {"method":"xpath","selector":"//*[.='LOGIN']"}
  (Session info: chrome=118.0.5993.72)
For documentation on this error, please visit: https://www.seleniumhq.org/exceptions/no_such_element.html
Build info: version: '3.141.59', revision: 'e82be7d358', time: '2018-11-14T08:17:03'
System info: host: 'LAPTOP-7OQN3UU0', ip: '172.20.10.5', os.name: 'Windows 10', os.arch: 'amd64', os.version: '10.0', java.version: '17.0.8'
Driver info: org.openqa.selenium.chrome.ChromeDriver
Capabilities {acceptInsecureCerts: false, browserName: chrome, browserVersion: 118.0.5993.72, chrome: {chromedriverVersion: 118.0.5993.70 (e52f33f30b91..., userDataDir: C:\Users\nikan\AppData\Loca...}, fedcm:accounts: true, goog:chromeOptions: {debuggerAddress: localhost:62764}, javascriptEnabled: true, networkConnectionEnabled: false, pageLoadStrategy: normal, platform: WINDOWS, platformName: WINDOWS, proxy: Proxy(), setWindowRect: true, strictFileInteractability: false, timeouts: {implicit: 0, pageLoad: 300000, script: 30000}, unhandledPromptBehavior: dismiss and notify, webauthn:extension:credBlob: true, webauthn:extension:largeBlob: true, webauthn:extension:minPinLength: true, webauthn:extension:prf: true, webauthn:virtualAuthenticators: true}
Session ID: 312caaca82833f8b112395783305ca35
*** Element info: {Using=xpath, value=//*[.='LOGIN']}
2023-10-27 17:21:21,215 INFO t.TestBase [TestBase.java:40] Finished test ----> loginPositiveUserDTO
2023-10-27 17:21:21,215 INFO t.TestBase [TestBase.java:41] ================================================================
2023-10-27 17:21:21,221 INFO t.TestBase [TestBase.java:35] Started test ----> addNewContactPositiveDTO
2023-10-27 17:21:21,223 INFO m.WDListener [WDListener.java:21] Start searching element by locator --> By.xpath: //*[.='Sign Out']
2023-10-27 17:21:21,250 INFO m.WDListener [WDListener.java:27] Element with locator --> By.xpath: //*[.='Sign Out'] is found
2023-10-27 17:21:21,250 INFO m.NGListener [NGListener.java:16] Start of the test --> addNewContactPositiveDTO
2023-10-27 17:21:21,259 INFO m.WDListener [WDListener.java:21] Start searching element by locator --> By.xpath: //a[.='ADD']
2023-10-27 17:21:21,276 INFO m.WDListener [WDListener.java:27] Element with locator --> By.xpath: //a[.='ADD'] is found
2023-10-27 17:21:21,346 INFO m.WDListener [WDListener.java:21] Start searching element by locator --> By.cssSelector: [placeholder='Name']
2023-10-27 17:21:21,372 INFO m.WDListener [WDListener.java:27] Element with locator --> By.cssSelector: [placeholder='Name'] is found
2023-10-27 17:21:21,511 INFO m.WDListener [WDListener.java:21] Start searching element by locator --> By.cssSelector: [placeholder='Last Name']
2023-10-27 17:21:21,528 INFO m.WDListener [WDListener.java:27] Element with locator --> By.cssSelector: [placeholder='Last Name'] is found
2023-10-27 17:21:21,640 INFO m.WDListener [WDListener.java:21] Start searching element by locator --> By.cssSelector: [placeholder='Phone']
2023-10-27 17:21:21,658 INFO m.WDListener [WDListener.java:27] Element with locator --> By.cssSelector: [placeholder='Phone'] is found
2023-10-27 17:21:21,773 INFO m.WDListener [WDListener.java:21] Start searching element by locator --> By.cssSelector: [placeholder='email']
2023-10-27 17:21:21,786 INFO m.WDListener [WDListener.java:27] Element with locator --> By.cssSelector: [placeholder='email'] is found
2023-10-27 17:21:21,911 INFO m.WDListener [WDListener.java:21] Start searching element by locator --> By.cssSelector: [placeholder='Address']
2023-10-27 17:21:21,926 INFO m.WDListener [WDListener.java:27] Element with locator --> By.cssSelector: [placeholder='Address'] is found
2023-10-27 17:21:22,035 INFO m.WDListener [WDListener.java:21] Start searching element by locator --> By.cssSelector: [placeholder='description']
2023-10-27 17:21:22,051 INFO m.WDListener [WDListener.java:27] Element with locator --> By.cssSelector: [placeholder='description'] is found
2023-10-27 17:21:22,164 INFO m.WDListener [WDListener.java:21] Start searching element by locator --> By.xpath: //button[.='Save']
2023-10-27 17:21:22,178 INFO m.WDListener [WDListener.java:27] Element with locator --> By.xpath: //button[.='Save'] is found
2023-10-27 17:21:22,218 INFO m.WDListener [WDListener.java:21] Start searching element by locator --> By.xpath: //div[@class='contact-item_card__2SOIM'][last()]//h3
2023-10-27 17:21:23,159 INFO m.WDListener [WDListener.java:27] Element with locator --> By.xpath: //div[@class='contact-item_card__2SOIM'][last()]//h3 is found
2023-10-27 17:21:23,189 INFO m.NGListener [NGListener.java:22] Success test --> addNewContactPositiveDTO
2023-10-27 17:21:23,191 INFO t.TestBase [TestBase.java:40] Finished test ----> addNewContactPositiveDTO
2023-10-27 17:21:23,191 INFO t.TestBase [TestBase.java:41] ================================================================
2023-10-27 17:21:23,192 INFO t.TestBase [TestBase.java:35] Started test ----> addNewContactPositiveDTO
2023-10-27 17:21:23,193 INFO m.WDListener [WDListener.java:21] Start searching element by locator --> By.xpath: //*[.='Sign Out']
2023-10-27 17:21:23,209 INFO m.WDListener [WDListener.java:27] Element with locator --> By.xpath: //*[.='Sign Out'] is found
2023-10-27 17:21:23,210 INFO m.NGListener [NGListener.java:16] Start of the test --> addNewContactPositiveDTO
2023-10-27 17:21:23,210 INFO m.WDListener [WDListener.java:21] Start searching element by locator --> By.xpath: //a[.='ADD']
2023-10-27 17:21:23,226 INFO m.WDListener [WDListener.java:27] Element with locator --> By.xpath: //a[.='ADD'] is found
2023-10-27 17:21:23,290 INFO m.WDListener [WDListener.java:21] Start searching element by locator --> By.cssSelector: [placeholder='Name']
2023-10-27 17:21:23,303 INFO m.WDListener [WDListener.java:27] Element with locator --> By.cssSelector: [placeholder='Name'] is found
2023-10-27 17:21:23,406 INFO m.WDListener [WDListener.java:21] Start searching element by locator --> By.cssSelector: [placeholder='Last Name']
2023-10-27 17:21:23,417 INFO m.WDListener [WDListener.java:27] Element with locator --> By.cssSelector: [placeholder='Last Name'] is found
2023-10-27 17:21:23,522 INFO m.WDListener [WDListener.java:21] Start searching element by locator --> By.cssSelector: [placeholder='Phone']
2023-10-27 17:21:23,533 INFO m.WDListener [WDListener.java:27] Element with locator --> By.cssSelector: [placeholder='Phone'] is found
2023-10-27 17:21:23,644 INFO m.WDListener [WDListener.java:21] Start searching element by locator --> By.cssSelector: [placeholder='email']
2023-10-27 17:21:23,655 INFO m.WDListener [WDListener.java:27] Element with locator --> By.cssSelector: [placeholder='email'] is found
2023-10-27 17:21:23,775 INFO m.WDListener [WDListener.java:21] Start searching element by locator --> By.cssSelector: [placeholder='Address']
2023-10-27 17:21:23,785 INFO m.WDListener [WDListener.java:27] Element with locator --> By.cssSelector: [placeholder='Address'] is found
2023-10-27 17:21:23,891 INFO m.WDListener [WDListener.java:21] Start searching element by locator --> By.cssSelector: [placeholder='description']
2023-10-27 17:21:23,902 INFO m.WDListener [WDListener.java:27] Element with locator --> By.cssSelector: [placeholder='description'] is found
2023-10-27 17:21:24,001 INFO m.WDListener [WDListener.java:21] Start searching element by locator --> By.xpath: //button[.='Save']
2023-10-27 17:21:24,012 INFO m.WDListener [WDListener.java:27] Element with locator --> By.xpath: //button[.='Save'] is found
2023-10-27 17:21:24,044 INFO m.WDListener [WDListener.java:21] Start searching element by locator --> By.xpath: //div[@class='contact-item_card__2SOIM'][last()]//h3
2023-10-27 17:21:24,548 INFO m.WDListener [WDListener.java:27] Element with locator --> By.xpath: //div[@class='contact-item_card__2SOIM'][last()]//h3 is found
2023-10-27 17:21:24,566 INFO m.NGListener [NGListener.java:22] Success test --> addNewContactPositiveDTO
2023-10-27 17:21:24,567 INFO t.TestBase [TestBase.java:40] Finished test ----> addNewContactPositiveDTO
2023-10-27 17:21:24,568 INFO t.TestBase [TestBase.java:41] ================================================================
2023-10-27 17:21:24,805 INFO m.ApplicationManager [ApplicationManager.java:62] Tests completed
