2023-10-18 20:39:37,851 INFO m.ApplicationManager [ApplicationManager.java:50] Test started on FireFox
2023-10-18 20:39:38,487 INFO m.ApplicationManager [ApplicationManager.java:54] Navigated to the link ---> https://telranedu.web.app/home
2023-10-18 20:39:38,563 INFO t.TestBase [TestBase.java:35] Started test ----> loginNegativeTestWrongEmail
2023-10-18 20:39:38,565 INFO m.NGListener [NGListener.java:16] Start of the test --> loginNegativeTestWrongEmail
2023-10-18 20:39:38,566 INFO m.WDListener [WDListener.java:21] Start searching element by locator --> By.xpath: //*[.='LOGIN']
2023-10-18 20:39:38,593 INFO m.WDListener [WDListener.java:27] Element with locator --> By.xpath: //*[.='LOGIN'] is found
2023-10-18 20:39:38,895 INFO m.WDListener [WDListener.java:21] Start searching element by locator --> By.xpath: //input[1]
2023-10-18 20:39:38,903 INFO m.WDListener [WDListener.java:27] Element with locator --> By.xpath: //input[1] is found
2023-10-18 20:39:39,208 INFO m.WDListener [WDListener.java:21] Start searching element by locator --> By.xpath: //input[2]
2023-10-18 20:39:39,220 INFO m.WDListener [WDListener.java:27] Element with locator --> By.xpath: //input[2] is found
2023-10-18 20:39:39,499 INFO m.WDListener [WDListener.java:21] Start searching element by locator --> By.xpath: //button[1]
2023-10-18 20:39:39,506 INFO m.WDListener [WDListener.java:27] Element with locator --> By.xpath: //button[1] is found
2023-10-18 20:39:40,818 INFO m.NGListener [NGListener.java:22] Success test --> loginNegativeTestWrongEmail
2023-10-18 20:39:40,820 INFO t.TestBase [TestBase.java:40] Finished test ----> loginNegativeTestWrongEmail
2023-10-18 20:39:40,820 INFO t.TestBase [TestBase.java:41] ================================================================
2023-10-18 20:39:40,822 INFO t.TestBase [TestBase.java:35] Started test ----> loginPositiveTest
2023-10-18 20:39:40,823 INFO m.NGListener [NGListener.java:16] Start of the test --> loginPositiveTest
2023-10-18 20:39:40,823 INFO m.WDListener [WDListener.java:21] Start searching element by locator --> By.xpath: //*[.='LOGIN']
2023-10-18 20:39:40,833 INFO m.WDListener [WDListener.java:27] Element with locator --> By.xpath: //*[.='LOGIN'] is found
2023-10-18 20:39:41,050 INFO m.WDListener [WDListener.java:21] Start searching element by locator --> By.xpath: //input[1]
2023-10-18 20:39:41,056 INFO m.WDListener [WDListener.java:27] Element with locator --> By.xpath: //input[1] is found
2023-10-18 20:39:41,317 INFO m.WDListener [WDListener.java:21] Start searching element by locator --> By.xpath: //input[2]
2023-10-18 20:39:41,323 INFO m.WDListener [WDListener.java:27] Element with locator --> By.xpath: //input[2] is found
2023-10-18 20:39:41,572 INFO m.WDListener [WDListener.java:21] Start searching element by locator --> By.xpath: //button[1]
2023-10-18 20:39:41,581 INFO m.WDListener [WDListener.java:27] Element with locator --> By.xpath: //button[1] is found
2023-10-18 20:39:44,810 INFO m.WDListener [WDListener.java:21] Start searching element by locator --> By.tagName: button
2023-10-18 20:39:44,824 INFO m.WDListener [WDListener.java:27] Element with locator --> By.tagName: button is found
2023-10-18 20:39:44,825 INFO m.NGListener [NGListener.java:22] Success test --> loginPositiveTest
2023-10-18 20:39:44,826 INFO t.TestBase [TestBase.java:40] Finished test ----> loginPositiveTest
2023-10-18 20:39:44,827 INFO t.TestBase [TestBase.java:41] ================================================================
2023-10-18 20:39:44,829 INFO t.TestBase [TestBase.java:35] Started test ----> loginPositiveTestModel
2023-10-18 20:39:44,830 INFO m.NGListener [NGListener.java:16] Start of the test --> loginPositiveTestModel
2023-10-18 20:39:44,833 INFO m.WDListener [WDListener.java:21] Start searching element by locator --> By.xpath: //*[.='LOGIN']
2023-10-18 20:39:47,848 INFO m.WDListener [WDListener.java:34] Something went wrong!!!
2023-10-18 20:39:47,849 INFO m.WDListener [WDListener.java:35] Unable to locate element: //*[.='LOGIN']
For documentation on this error, please visit: https://www.seleniumhq.org/exceptions/no_such_element.html
Build info: version: '3.141.59', revision: 'e82be7d358', time: '2018-11-14T08:17:03'
System info: host: 'LAPTOP-7OQN3UU0', ip: '10.100.102.10', os.name: 'Windows 10', os.arch: 'amd64', os.version: '10.0', java.version: '17.0.8'
Driver info: org.openqa.selenium.firefox.FirefoxDriver
Capabilities {acceptInsecureCerts: true, browserName: firefox, browserVersion: 118.0.2, javascriptEnabled: true, moz:accessibilityChecks: false, moz:buildID: 20231009140911, moz:geckodriverVersion: 0.33.0, moz:headless: false, moz:platformVersion: 10.0, moz:processID: 3952, moz:profile: C:\Users\nikan\AppData\Loca..., moz:shutdownTimeout: 60000, moz:webdriverClick: true, moz:windowless: false, pageLoadStrategy: normal, platform: WINDOWS, platformName: WINDOWS, proxy: Proxy(), setWindowRect: true, strictFileInteractability: false, timeouts: {implicit: 0, pageLoad: 300000, script: 30000}, unhandledPromptBehavior: dismiss and notify}
Session ID: 1b90473f-e50a-46aa-ae20-889e8d19a07d
*** Element info: {Using=xpath, value=//*[.='LOGIN']}
2023-10-18 20:39:47,850 INFO m.WDListener [WDListener.java:36] org.openqa.selenium.NoSuchElementException: Unable to locate element: //*[.='LOGIN']
For documentation on this error, please visit: https://www.seleniumhq.org/exceptions/no_such_element.html
Build info: version: '3.141.59', revision: 'e82be7d358', time: '2018-11-14T08:17:03'
System info: host: 'LAPTOP-7OQN3UU0', ip: '10.100.102.10', os.name: 'Windows 10', os.arch: 'amd64', os.version: '10.0', java.version: '17.0.8'
Driver info: org.openqa.selenium.firefox.FirefoxDriver
Capabilities {acceptInsecureCerts: true, browserName: firefox, browserVersion: 118.0.2, javascriptEnabled: true, moz:accessibilityChecks: false, moz:buildID: 20231009140911, moz:geckodriverVersion: 0.33.0, moz:headless: false, moz:platformVersion: 10.0, moz:processID: 3952, moz:profile: C:\Users\nikan\AppData\Loca..., moz:shutdownTimeout: 60000, moz:webdriverClick: true, moz:windowless: false, pageLoadStrategy: normal, platform: WINDOWS, platformName: WINDOWS, proxy: Proxy(), setWindowRect: true, strictFileInteractability: false, timeouts: {implicit: 0, pageLoad: 300000, script: 30000}, unhandledPromptBehavior: dismiss and notify}
Session ID: 1b90473f-e50a-46aa-ae20-889e8d19a07d
*** Element info: {Using=xpath, value=//*[.='LOGIN']}
2023-10-18 20:39:48,153 INFO m.WDListener [WDListener.java:41] Here is the path to screenshot with error --> src/test/screenshots/screenshot-2387.png
2023-10-18 20:39:48,154 INFO m.NGListener [NGListener.java:29] Failure test --> org.openqa.selenium.NoSuchElementException: Unable to locate element: //*[.='LOGIN']
For documentation on this error, please visit: https://www.seleniumhq.org/exceptions/no_such_element.html
Build info: version: '3.141.59', revision: 'e82be7d358', time: '2018-11-14T08:17:03'
System info: host: 'LAPTOP-7OQN3UU0', ip: '10.100.102.10', os.name: 'Windows 10', os.arch: 'amd64', os.version: '10.0', java.version: '17.0.8'
Driver info: org.openqa.selenium.firefox.FirefoxDriver
Capabilities {acceptInsecureCerts: true, browserName: firefox, browserVersion: 118.0.2, javascriptEnabled: true, moz:accessibilityChecks: false, moz:buildID: 20231009140911, moz:geckodriverVersion: 0.33.0, moz:headless: false, moz:platformVersion: 10.0, moz:processID: 3952, moz:profile: C:\Users\nikan\AppData\Loca..., moz:shutdownTimeout: 60000, moz:webdriverClick: true, moz:windowless: false, pageLoadStrategy: normal, platform: WINDOWS, platformName: WINDOWS, proxy: Proxy(), setWindowRect: true, strictFileInteractability: false, timeouts: {implicit: 0, pageLoad: 300000, script: 30000}, unhandledPromptBehavior: dismiss and notify}
Session ID: 1b90473f-e50a-46aa-ae20-889e8d19a07d
*** Element info: {Using=xpath, value=//*[.='LOGIN']}
2023-10-18 20:39:48,157 INFO t.TestBase [TestBase.java:40] Finished test ----> loginPositiveTestModel
2023-10-18 20:39:48,157 INFO t.TestBase [TestBase.java:41] ================================================================
2023-10-18 20:39:48,158 INFO t.TestBase [TestBase.java:35] Started test ----> loginPositiveTestProperties
2023-10-18 20:39:48,159 INFO m.NGListener [NGListener.java:16] Start of the test --> loginPositiveTestProperties
2023-10-18 20:39:48,159 INFO m.WDListener [WDListener.java:21] Start searching element by locator --> By.xpath: //*[.='LOGIN']
2023-10-18 20:39:51,174 INFO m.WDListener [WDListener.java:34] Something went wrong!!!
2023-10-18 20:39:51,174 INFO m.WDListener [WDListener.java:35] Unable to locate element: //*[.='LOGIN']
For documentation on this error, please visit: https://www.seleniumhq.org/exceptions/no_such_element.html
Build info: version: '3.141.59', revision: 'e82be7d358', time: '2018-11-14T08:17:03'
System info: host: 'LAPTOP-7OQN3UU0', ip: '10.100.102.10', os.name: 'Windows 10', os.arch: 'amd64', os.version: '10.0', java.version: '17.0.8'
Driver info: org.openqa.selenium.firefox.FirefoxDriver
Capabilities {acceptInsecureCerts: true, browserName: firefox, browserVersion: 118.0.2, javascriptEnabled: true, moz:accessibilityChecks: false, moz:buildID: 20231009140911, moz:geckodriverVersion: 0.33.0, moz:headless: false, moz:platformVersion: 10.0, moz:processID: 3952, moz:profile: C:\Users\nikan\AppData\Loca..., moz:shutdownTimeout: 60000, moz:webdriverClick: true, moz:windowless: false, pageLoadStrategy: normal, platform: WINDOWS, platformName: WINDOWS, proxy: Proxy(), setWindowRect: true, strictFileInteractability: false, timeouts: {implicit: 0, pageLoad: 300000, script: 30000}, unhandledPromptBehavior: dismiss and notify}
Session ID: 1b90473f-e50a-46aa-ae20-889e8d19a07d
*** Element info: {Using=xpath, value=//*[.='LOGIN']}
2023-10-18 20:39:51,175 INFO m.WDListener [WDListener.java:36] org.openqa.selenium.NoSuchElementException: Unable to locate element: //*[.='LOGIN']
For documentation on this error, please visit: https://www.seleniumhq.org/exceptions/no_such_element.html
Build info: version: '3.141.59', revision: 'e82be7d358', time: '2018-11-14T08:17:03'
System info: host: 'LAPTOP-7OQN3UU0', ip: '10.100.102.10', os.name: 'Windows 10', os.arch: 'amd64', os.version: '10.0', java.version: '17.0.8'
Driver info: org.openqa.selenium.firefox.FirefoxDriver
Capabilities {acceptInsecureCerts: true, browserName: firefox, browserVersion: 118.0.2, javascriptEnabled: true, moz:accessibilityChecks: false, moz:buildID: 20231009140911, moz:geckodriverVersion: 0.33.0, moz:headless: false, moz:platformVersion: 10.0, moz:processID: 3952, moz:profile: C:\Users\nikan\AppData\Loca..., moz:shutdownTimeout: 60000, moz:webdriverClick: true, moz:windowless: false, pageLoadStrategy: normal, platform: WINDOWS, platformName: WINDOWS, proxy: Proxy(), setWindowRect: true, strictFileInteractability: false, timeouts: {implicit: 0, pageLoad: 300000, script: 30000}, unhandledPromptBehavior: dismiss and notify}
Session ID: 1b90473f-e50a-46aa-ae20-889e8d19a07d
*** Element info: {Using=xpath, value=//*[.='LOGIN']}
2023-10-18 20:39:51,402 INFO m.WDListener [WDListener.java:41] Here is the path to screenshot with error --> src/test/screenshots/screenshot-2391.png
2023-10-18 20:39:51,403 INFO m.NGListener [NGListener.java:29] Failure test --> org.openqa.selenium.NoSuchElementException: Unable to locate element: //*[.='LOGIN']
For documentation on this error, please visit: https://www.seleniumhq.org/exceptions/no_such_element.html
Build info: version: '3.141.59', revision: 'e82be7d358', time: '2018-11-14T08:17:03'
System info: host: 'LAPTOP-7OQN3UU0', ip: '10.100.102.10', os.name: 'Windows 10', os.arch: 'amd64', os.version: '10.0', java.version: '17.0.8'
Driver info: org.openqa.selenium.firefox.FirefoxDriver
Capabilities {acceptInsecureCerts: true, browserName: firefox, browserVersion: 118.0.2, javascriptEnabled: true, moz:accessibilityChecks: false, moz:buildID: 20231009140911, moz:geckodriverVersion: 0.33.0, moz:headless: false, moz:platformVersion: 10.0, moz:processID: 3952, moz:profile: C:\Users\nikan\AppData\Loca..., moz:shutdownTimeout: 60000, moz:webdriverClick: true, moz:windowless: false, pageLoadStrategy: normal, platform: WINDOWS, platformName: WINDOWS, proxy: Proxy(), setWindowRect: true, strictFileInteractability: false, timeouts: {implicit: 0, pageLoad: 300000, script: 30000}, unhandledPromptBehavior: dismiss and notify}
Session ID: 1b90473f-e50a-46aa-ae20-889e8d19a07d
*** Element info: {Using=xpath, value=//*[.='LOGIN']}
2023-10-18 20:39:51,405 INFO t.TestBase [TestBase.java:40] Finished test ----> loginPositiveTestProperties
2023-10-18 20:39:51,406 INFO t.TestBase [TestBase.java:41] ================================================================
2023-10-18 20:39:51,416 INFO t.TestBase [TestBase.java:35] Started test ----> loginPositiveUserDTO
2023-10-18 20:39:51,417 INFO m.NGListener [NGListener.java:16] Start of the test --> loginPositiveUserDTO
2023-10-18 20:39:51,419 INFO m.WDListener [WDListener.java:21] Start searching element by locator --> By.xpath: //*[.='LOGIN']
2023-10-18 20:39:54,443 INFO m.WDListener [WDListener.java:34] Something went wrong!!!
2023-10-18 20:39:54,443 INFO m.WDListener [WDListener.java:35] Unable to locate element: //*[.='LOGIN']
For documentation on this error, please visit: https://www.seleniumhq.org/exceptions/no_such_element.html
Build info: version: '3.141.59', revision: 'e82be7d358', time: '2018-11-14T08:17:03'
System info: host: 'LAPTOP-7OQN3UU0', ip: '10.100.102.10', os.name: 'Windows 10', os.arch: 'amd64', os.version: '10.0', java.version: '17.0.8'
Driver info: org.openqa.selenium.firefox.FirefoxDriver
Capabilities {acceptInsecureCerts: true, browserName: firefox, browserVersion: 118.0.2, javascriptEnabled: true, moz:accessibilityChecks: false, moz:buildID: 20231009140911, moz:geckodriverVersion: 0.33.0, moz:headless: false, moz:platformVersion: 10.0, moz:processID: 3952, moz:profile: C:\Users\nikan\AppData\Loca..., moz:shutdownTimeout: 60000, moz:webdriverClick: true, moz:windowless: false, pageLoadStrategy: normal, platform: WINDOWS, platformName: WINDOWS, proxy: Proxy(), setWindowRect: true, strictFileInteractability: false, timeouts: {implicit: 0, pageLoad: 300000, script: 30000}, unhandledPromptBehavior: dismiss and notify}
Session ID: 1b90473f-e50a-46aa-ae20-889e8d19a07d
*** Element info: {Using=xpath, value=//*[.='LOGIN']}
2023-10-18 20:39:54,443 INFO m.WDListener [WDListener.java:36] org.openqa.selenium.NoSuchElementException: Unable to locate element: //*[.='LOGIN']
For documentation on this error, please visit: https://www.seleniumhq.org/exceptions/no_such_element.html
Build info: version: '3.141.59', revision: 'e82be7d358', time: '2018-11-14T08:17:03'
System info: host: 'LAPTOP-7OQN3UU0', ip: '10.100.102.10', os.name: 'Windows 10', os.arch: 'amd64', os.version: '10.0', java.version: '17.0.8'
Driver info: org.openqa.selenium.firefox.FirefoxDriver
Capabilities {acceptInsecureCerts: true, browserName: firefox, browserVersion: 118.0.2, javascriptEnabled: true, moz:accessibilityChecks: false, moz:buildID: 20231009140911, moz:geckodriverVersion: 0.33.0, moz:headless: false, moz:platformVersion: 10.0, moz:processID: 3952, moz:profile: C:\Users\nikan\AppData\Loca..., moz:shutdownTimeout: 60000, moz:webdriverClick: true, moz:windowless: false, pageLoadStrategy: normal, platform: WINDOWS, platformName: WINDOWS, proxy: Proxy(), setWindowRect: true, strictFileInteractability: false, timeouts: {implicit: 0, pageLoad: 300000, script: 30000}, unhandledPromptBehavior: dismiss and notify}
Session ID: 1b90473f-e50a-46aa-ae20-889e8d19a07d
*** Element info: {Using=xpath, value=//*[.='LOGIN']}
2023-10-18 20:39:54,658 INFO m.WDListener [WDListener.java:41] Here is the path to screenshot with error --> src/test/screenshots/screenshot-2394.png
2023-10-18 20:39:54,660 INFO m.NGListener [NGListener.java:29] Failure test --> org.openqa.selenium.NoSuchElementException: Unable to locate element: //*[.='LOGIN']
For documentation on this error, please visit: https://www.seleniumhq.org/exceptions/no_such_element.html
Build info: version: '3.141.59', revision: 'e82be7d358', time: '2018-11-14T08:17:03'
System info: host: 'LAPTOP-7OQN3UU0', ip: '10.100.102.10', os.name: 'Windows 10', os.arch: 'amd64', os.version: '10.0', java.version: '17.0.8'
Driver info: org.openqa.selenium.firefox.FirefoxDriver
Capabilities {acceptInsecureCerts: true, browserName: firefox, browserVersion: 118.0.2, javascriptEnabled: true, moz:accessibilityChecks: false, moz:buildID: 20231009140911, moz:geckodriverVersion: 0.33.0, moz:headless: false, moz:platformVersion: 10.0, moz:processID: 3952, moz:profile: C:\Users\nikan\AppData\Loca..., moz:shutdownTimeout: 60000, moz:webdriverClick: true, moz:windowless: false, pageLoadStrategy: normal, platform: WINDOWS, platformName: WINDOWS, proxy: Proxy(), setWindowRect: true, strictFileInteractability: false, timeouts: {implicit: 0, pageLoad: 300000, script: 30000}, unhandledPromptBehavior: dismiss and notify}
Session ID: 1b90473f-e50a-46aa-ae20-889e8d19a07d
*** Element info: {Using=xpath, value=//*[.='LOGIN']}
2023-10-18 20:39:54,662 INFO t.TestBase [TestBase.java:40] Finished test ----> loginPositiveUserDTO
2023-10-18 20:39:54,663 INFO t.TestBase [TestBase.java:41] ================================================================
2023-10-18 20:39:54,665 INFO t.TestBase [TestBase.java:35] Started test ----> loginPositiveUserDTO
2023-10-18 20:39:54,666 INFO m.NGListener [NGListener.java:16] Start of the test --> loginPositiveUserDTO
2023-10-18 20:39:54,667 INFO m.WDListener [WDListener.java:21] Start searching element by locator --> By.xpath: //*[.='LOGIN']
2023-10-18 20:39:57,686 INFO m.WDListener [WDListener.java:34] Something went wrong!!!
2023-10-18 20:39:57,686 INFO m.WDListener [WDListener.java:35] Unable to locate element: //*[.='LOGIN']
For documentation on this error, please visit: https://www.seleniumhq.org/exceptions/no_such_element.html
Build info: version: '3.141.59', revision: 'e82be7d358', time: '2018-11-14T08:17:03'
System info: host: 'LAPTOP-7OQN3UU0', ip: '10.100.102.10', os.name: 'Windows 10', os.arch: 'amd64', os.version: '10.0', java.version: '17.0.8'
Driver info: org.openqa.selenium.firefox.FirefoxDriver
Capabilities {acceptInsecureCerts: true, browserName: firefox, browserVersion: 118.0.2, javascriptEnabled: true, moz:accessibilityChecks: false, moz:buildID: 20231009140911, moz:geckodriverVersion: 0.33.0, moz:headless: false, moz:platformVersion: 10.0, moz:processID: 3952, moz:profile: C:\Users\nikan\AppData\Loca..., moz:shutdownTimeout: 60000, moz:webdriverClick: true, moz:windowless: false, pageLoadStrategy: normal, platform: WINDOWS, platformName: WINDOWS, proxy: Proxy(), setWindowRect: true, strictFileInteractability: false, timeouts: {implicit: 0, pageLoad: 300000, script: 30000}, unhandledPromptBehavior: dismiss and notify}
Session ID: 1b90473f-e50a-46aa-ae20-889e8d19a07d
*** Element info: {Using=xpath, value=//*[.='LOGIN']}
2023-10-18 20:39:57,686 INFO m.WDListener [WDListener.java:36] org.openqa.selenium.NoSuchElementException: Unable to locate element: //*[.='LOGIN']
For documentation on this error, please visit: https://www.seleniumhq.org/exceptions/no_such_element.html
Build info: version: '3.141.59', revision: 'e82be7d358', time: '2018-11-14T08:17:03'
System info: host: 'LAPTOP-7OQN3UU0', ip: '10.100.102.10', os.name: 'Windows 10', os.arch: 'amd64', os.version: '10.0', java.version: '17.0.8'
Driver info: org.openqa.selenium.firefox.FirefoxDriver
Capabilities {acceptInsecureCerts: true, browserName: firefox, browserVersion: 118.0.2, javascriptEnabled: true, moz:accessibilityChecks: false, moz:buildID: 20231009140911, moz:geckodriverVersion: 0.33.0, moz:headless: false, moz:platformVersion: 10.0, moz:processID: 3952, moz:profile: C:\Users\nikan\AppData\Loca..., moz:shutdownTimeout: 60000, moz:webdriverClick: true, moz:windowless: false, pageLoadStrategy: normal, platform: WINDOWS, platformName: WINDOWS, proxy: Proxy(), setWindowRect: true, strictFileInteractability: false, timeouts: {implicit: 0, pageLoad: 300000, script: 30000}, unhandledPromptBehavior: dismiss and notify}
Session ID: 1b90473f-e50a-46aa-ae20-889e8d19a07d
*** Element info: {Using=xpath, value=//*[.='LOGIN']}
2023-10-18 20:39:57,875 INFO m.WDListener [WDListener.java:41] Here is the path to screenshot with error --> src/test/screenshots/screenshot-2397.png
2023-10-18 20:39:57,876 INFO m.NGListener [NGListener.java:29] Failure test --> org.openqa.selenium.NoSuchElementException: Unable to locate element: //*[.='LOGIN']
For documentation on this error, please visit: https://www.seleniumhq.org/exceptions/no_such_element.html
Build info: version: '3.141.59', revision: 'e82be7d358', time: '2018-11-14T08:17:03'
System info: host: 'LAPTOP-7OQN3UU0', ip: '10.100.102.10', os.name: 'Windows 10', os.arch: 'amd64', os.version: '10.0', java.version: '17.0.8'
Driver info: org.openqa.selenium.firefox.FirefoxDriver
Capabilities {acceptInsecureCerts: true, browserName: firefox, browserVersion: 118.0.2, javascriptEnabled: true, moz:accessibilityChecks: false, moz:buildID: 20231009140911, moz:geckodriverVersion: 0.33.0, moz:headless: false, moz:platformVersion: 10.0, moz:processID: 3952, moz:profile: C:\Users\nikan\AppData\Loca..., moz:shutdownTimeout: 60000, moz:webdriverClick: true, moz:windowless: false, pageLoadStrategy: normal, platform: WINDOWS, platformName: WINDOWS, proxy: Proxy(), setWindowRect: true, strictFileInteractability: false, timeouts: {implicit: 0, pageLoad: 300000, script: 30000}, unhandledPromptBehavior: dismiss and notify}
Session ID: 1b90473f-e50a-46aa-ae20-889e8d19a07d
*** Element info: {Using=xpath, value=//*[.='LOGIN']}
2023-10-18 20:39:57,877 INFO t.TestBase [TestBase.java:40] Finished test ----> loginPositiveUserDTO
2023-10-18 20:39:57,877 INFO t.TestBase [TestBase.java:41] ================================================================
2023-10-18 20:39:57,878 INFO t.TestBase [TestBase.java:35] Started test ----> loginPositiveUserDTO
2023-10-18 20:39:57,878 INFO m.NGListener [NGListener.java:16] Start of the test --> loginPositiveUserDTO
2023-10-18 20:39:57,878 INFO m.WDListener [WDListener.java:21] Start searching element by locator --> By.xpath: //*[.='LOGIN']
2023-10-18 20:40:00,898 INFO m.WDListener [WDListener.java:34] Something went wrong!!!
2023-10-18 20:40:00,899 INFO m.WDListener [WDListener.java:35] Unable to locate element: //*[.='LOGIN']
For documentation on this error, please visit: https://www.seleniumhq.org/exceptions/no_such_element.html
Build info: version: '3.141.59', revision: 'e82be7d358', time: '2018-11-14T08:17:03'
System info: host: 'LAPTOP-7OQN3UU0', ip: '10.100.102.10', os.name: 'Windows 10', os.arch: 'amd64', os.version: '10.0', java.version: '17.0.8'
Driver info: org.openqa.selenium.firefox.FirefoxDriver
Capabilities {acceptInsecureCerts: true, browserName: firefox, browserVersion: 118.0.2, javascriptEnabled: true, moz:accessibilityChecks: false, moz:buildID: 20231009140911, moz:geckodriverVersion: 0.33.0, moz:headless: false, moz:platformVersion: 10.0, moz:processID: 3952, moz:profile: C:\Users\nikan\AppData\Loca..., moz:shutdownTimeout: 60000, moz:webdriverClick: true, moz:windowless: false, pageLoadStrategy: normal, platform: WINDOWS, platformName: WINDOWS, proxy: Proxy(), setWindowRect: true, strictFileInteractability: false, timeouts: {implicit: 0, pageLoad: 300000, script: 30000}, unhandledPromptBehavior: dismiss and notify}
Session ID: 1b90473f-e50a-46aa-ae20-889e8d19a07d
*** Element info: {Using=xpath, value=//*[.='LOGIN']}
2023-10-18 20:40:00,899 INFO m.WDListener [WDListener.java:36] org.openqa.selenium.NoSuchElementException: Unable to locate element: //*[.='LOGIN']
For documentation on this error, please visit: https://www.seleniumhq.org/exceptions/no_such_element.html
Build info: version: '3.141.59', revision: 'e82be7d358', time: '2018-11-14T08:17:03'
System info: host: 'LAPTOP-7OQN3UU0', ip: '10.100.102.10', os.name: 'Windows 10', os.arch: 'amd64', os.version: '10.0', java.version: '17.0.8'
Driver info: org.openqa.selenium.firefox.FirefoxDriver
Capabilities {acceptInsecureCerts: true, browserName: firefox, browserVersion: 118.0.2, javascriptEnabled: true, moz:accessibilityChecks: false, moz:buildID: 20231009140911, moz:geckodriverVersion: 0.33.0, moz:headless: false, moz:platformVersion: 10.0, moz:processID: 3952, moz:profile: C:\Users\nikan\AppData\Loca..., moz:shutdownTimeout: 60000, moz:webdriverClick: true, moz:windowless: false, pageLoadStrategy: normal, platform: WINDOWS, platformName: WINDOWS, proxy: Proxy(), setWindowRect: true, strictFileInteractability: false, timeouts: {implicit: 0, pageLoad: 300000, script: 30000}, unhandledPromptBehavior: dismiss and notify}
Session ID: 1b90473f-e50a-46aa-ae20-889e8d19a07d
*** Element info: {Using=xpath, value=//*[.='LOGIN']}
2023-10-18 20:40:01,104 INFO m.WDListener [WDListener.java:41] Here is the path to screenshot with error --> src/test/screenshots/screenshot-2400.png
2023-10-18 20:40:01,105 INFO m.NGListener [NGListener.java:29] Failure test --> org.openqa.selenium.NoSuchElementException: Unable to locate element: //*[.='LOGIN']
For documentation on this error, please visit: https://www.seleniumhq.org/exceptions/no_such_element.html
Build info: version: '3.141.59', revision: 'e82be7d358', time: '2018-11-14T08:17:03'
System info: host: 'LAPTOP-7OQN3UU0', ip: '10.100.102.10', os.name: 'Windows 10', os.arch: 'amd64', os.version: '10.0', java.version: '17.0.8'
Driver info: org.openqa.selenium.firefox.FirefoxDriver
Capabilities {acceptInsecureCerts: true, browserName: firefox, browserVersion: 118.0.2, javascriptEnabled: true, moz:accessibilityChecks: false, moz:buildID: 20231009140911, moz:geckodriverVersion: 0.33.0, moz:headless: false, moz:platformVersion: 10.0, moz:processID: 3952, moz:profile: C:\Users\nikan\AppData\Loca..., moz:shutdownTimeout: 60000, moz:webdriverClick: true, moz:windowless: false, pageLoadStrategy: normal, platform: WINDOWS, platformName: WINDOWS, proxy: Proxy(), setWindowRect: true, strictFileInteractability: false, timeouts: {implicit: 0, pageLoad: 300000, script: 30000}, unhandledPromptBehavior: dismiss and notify}
Session ID: 1b90473f-e50a-46aa-ae20-889e8d19a07d
*** Element info: {Using=xpath, value=//*[.='LOGIN']}
2023-10-18 20:40:01,106 INFO t.TestBase [TestBase.java:40] Finished test ----> loginPositiveUserDTO
2023-10-18 20:40:01,106 INFO t.TestBase [TestBase.java:41] ================================================================
2023-10-18 20:40:01,114 INFO t.TestBase [TestBase.java:35] Started test ----> addNewContactPositiveDTO
2023-10-18 20:40:01,116 INFO m.WDListener [WDListener.java:21] Start searching element by locator --> By.xpath: //*[.='Sign Out']
2023-10-18 20:40:01,123 INFO m.WDListener [WDListener.java:27] Element with locator --> By.xpath: //*[.='Sign Out'] is found
2023-10-18 20:40:01,124 INFO m.NGListener [NGListener.java:16] Start of the test --> addNewContactPositiveDTO
2023-10-18 20:40:01,137 INFO m.WDListener [WDListener.java:21] Start searching element by locator --> By.xpath: //a[.='ADD']
2023-10-18 20:40:01,143 INFO m.WDListener [WDListener.java:27] Element with locator --> By.xpath: //a[.='ADD'] is found
2023-10-18 20:40:01,402 INFO m.WDListener [WDListener.java:21] Start searching element by locator --> By.cssSelector: [placeholder='Name']
2023-10-18 20:40:01,408 INFO m.WDListener [WDListener.java:27] Element with locator --> By.cssSelector: [placeholder='Name'] is found
2023-10-18 20:40:01,654 INFO m.WDListener [WDListener.java:21] Start searching element by locator --> By.cssSelector: [placeholder='Last Name']
2023-10-18 20:40:01,660 INFO m.WDListener [WDListener.java:27] Element with locator --> By.cssSelector: [placeholder='Last Name'] is found
2023-10-18 20:40:01,913 INFO m.WDListener [WDListener.java:21] Start searching element by locator --> By.cssSelector: [placeholder='Phone']
2023-10-18 20:40:01,919 INFO m.WDListener [WDListener.java:27] Element with locator --> By.cssSelector: [placeholder='Phone'] is found
2023-10-18 20:40:02,174 INFO m.WDListener [WDListener.java:21] Start searching element by locator --> By.cssSelector: [placeholder='email']
2023-10-18 20:40:02,180 INFO m.WDListener [WDListener.java:27] Element with locator --> By.cssSelector: [placeholder='email'] is found
2023-10-18 20:40:02,436 INFO m.WDListener [WDListener.java:21] Start searching element by locator --> By.cssSelector: [placeholder='Address']
2023-10-18 20:40:02,442 INFO m.WDListener [WDListener.java:27] Element with locator --> By.cssSelector: [placeholder='Address'] is found
2023-10-18 20:40:02,682 INFO m.WDListener [WDListener.java:21] Start searching element by locator --> By.cssSelector: [placeholder='description']
2023-10-18 20:40:02,688 INFO m.WDListener [WDListener.java:27] Element with locator --> By.cssSelector: [placeholder='description'] is found
2023-10-18 20:40:02,933 INFO m.WDListener [WDListener.java:21] Start searching element by locator --> By.xpath: //button[.='Save']
2023-10-18 20:40:02,939 INFO m.WDListener [WDListener.java:27] Element with locator --> By.xpath: //button[.='Save'] is found
2023-10-18 20:40:03,166 INFO m.WDListener [WDListener.java:21] Start searching element by locator --> By.xpath: //div[@class='contact-item_card__2SOIM'][last()]//h3
2023-10-18 20:40:03,496 INFO m.WDListener [WDListener.java:27] Element with locator --> By.xpath: //div[@class='contact-item_card__2SOIM'][last()]//h3 is found
2023-10-18 20:40:03,521 INFO m.NGListener [NGListener.java:22] Success test --> addNewContactPositiveDTO
2023-10-18 20:40:03,523 INFO t.TestBase [TestBase.java:40] Finished test ----> addNewContactPositiveDTO
2023-10-18 20:40:03,523 INFO t.TestBase [TestBase.java:41] ================================================================
2023-10-18 20:40:03,524 INFO t.TestBase [TestBase.java:35] Started test ----> addNewContactPositiveDTO
2023-10-18 20:40:03,524 INFO m.WDListener [WDListener.java:21] Start searching element by locator --> By.xpath: //*[.='Sign Out']
2023-10-18 20:40:03,530 INFO m.WDListener [WDListener.java:27] Element with locator --> By.xpath: //*[.='Sign Out'] is found
2023-10-18 20:40:03,531 INFO m.NGListener [NGListener.java:16] Start of the test --> addNewContactPositiveDTO
2023-10-18 20:40:03,532 INFO m.WDListener [WDListener.java:21] Start searching element by locator --> By.xpath: //a[.='ADD']
2023-10-18 20:40:03,538 INFO m.WDListener [WDListener.java:27] Element with locator --> By.xpath: //a[.='ADD'] is found
2023-10-18 20:40:03,767 INFO m.WDListener [WDListener.java:21] Start searching element by locator --> By.cssSelector: [placeholder='Name']
2023-10-18 20:40:03,772 INFO m.WDListener [WDListener.java:27] Element with locator --> By.cssSelector: [placeholder='Name'] is found
2023-10-18 20:40:04,008 INFO m.WDListener [WDListener.java:21] Start searching element by locator --> By.cssSelector: [placeholder='Last Name']
2023-10-18 20:40:04,014 INFO m.WDListener [WDListener.java:27] Element with locator --> By.cssSelector: [placeholder='Last Name'] is found
2023-10-18 20:40:04,263 INFO m.WDListener [WDListener.java:21] Start searching element by locator --> By.cssSelector: [placeholder='Phone']
2023-10-18 20:40:04,270 INFO m.WDListener [WDListener.java:27] Element with locator --> By.cssSelector: [placeholder='Phone'] is found
2023-10-18 20:40:04,524 INFO m.WDListener [WDListener.java:21] Start searching element by locator --> By.cssSelector: [placeholder='email']
2023-10-18 20:40:04,531 INFO m.WDListener [WDListener.java:27] Element with locator --> By.cssSelector: [placeholder='email'] is found
2023-10-18 20:40:04,823 INFO m.WDListener [WDListener.java:21] Start searching element by locator --> By.cssSelector: [placeholder='Address']
2023-10-18 20:40:04,830 INFO m.WDListener [WDListener.java:27] Element with locator --> By.cssSelector: [placeholder='Address'] is found
2023-10-18 20:40:05,082 INFO m.WDListener [WDListener.java:21] Start searching element by locator --> By.cssSelector: [placeholder='description']
2023-10-18 20:40:05,087 INFO m.WDListener [WDListener.java:27] Element with locator --> By.cssSelector: [placeholder='description'] is found
2023-10-18 20:40:05,335 INFO m.WDListener [WDListener.java:21] Start searching element by locator --> By.xpath: //button[.='Save']
2023-10-18 20:40:05,343 INFO m.WDListener [WDListener.java:27] Element with locator --> By.xpath: //button[.='Save'] is found
2023-10-18 20:40:05,563 INFO m.WDListener [WDListener.java:21] Start searching element by locator --> By.xpath: //div[@class='contact-item_card__2SOIM'][last()]//h3
2023-10-18 20:40:05,754 INFO m.WDListener [WDListener.java:27] Element with locator --> By.xpath: //div[@class='contact-item_card__2SOIM'][last()]//h3 is found
2023-10-18 20:40:05,761 INFO m.NGListener [NGListener.java:22] Success test --> addNewContactPositiveDTO
2023-10-18 20:40:05,762 INFO t.TestBase [TestBase.java:40] Finished test ----> addNewContactPositiveDTO
2023-10-18 20:40:05,762 INFO t.TestBase [TestBase.java:41] ================================================================
2023-10-18 20:40:06,890 INFO m.ApplicationManager [ApplicationManager.java:62] Tests completed
