2023-10-10 20:54:49,104 INFO m.ApplicationManager [ApplicationManager.java:35] Test started on FireFox
2023-10-10 20:54:50,876 INFO m.ApplicationManager [ApplicationManager.java:41] Navigated to the link ---> https://telranedu.web.app/home
2023-10-10 20:54:50,927 INFO t.TestBase [TestBase.java:34] Started test ----> loginNegativeTestWrongEmail
2023-10-10 20:54:50,929 INFO m.NGListener [NGListener.java:16] Start of the test --> loginNegativeTestWrongEmail
2023-10-10 20:54:50,930 INFO m.WDListener [WDListener.java:21] Start searching element by locator --> By.xpath: //*[.='LOGIN']
2023-10-10 20:54:50,962 INFO m.WDListener [WDListener.java:27] Element with locator --> By.xpath: //*[.='LOGIN'] is found
2023-10-10 20:54:51,068 INFO m.WDListener [WDListener.java:21] Start searching element by locator --> By.xpath: //input[1]
2023-10-10 20:54:51,089 INFO m.WDListener [WDListener.java:27] Element with locator --> By.xpath: //input[1] is found
2023-10-10 20:54:51,285 INFO m.WDListener [WDListener.java:21] Start searching element by locator --> By.xpath: //input[2]
2023-10-10 20:54:51,304 INFO m.WDListener [WDListener.java:27] Element with locator --> By.xpath: //input[2] is found
2023-10-10 20:54:51,472 INFO m.WDListener [WDListener.java:21] Start searching element by locator --> By.xpath: //button[1]
2023-10-10 20:54:51,490 INFO m.WDListener [WDListener.java:27] Element with locator --> By.xpath: //button[1] is found
2023-10-10 20:54:52,600 INFO m.NGListener [NGListener.java:22] Success test --> loginNegativeTestWrongEmail
2023-10-10 20:54:52,602 INFO t.TestBase [TestBase.java:39] Finished test ----> loginNegativeTestWrongEmail
2023-10-10 20:54:52,602 INFO t.TestBase [TestBase.java:40] ================================================================
2023-10-10 20:54:52,606 INFO t.TestBase [TestBase.java:34] Started test ----> loginPositiveTest
2023-10-10 20:54:52,607 INFO m.NGListener [NGListener.java:16] Start of the test --> loginPositiveTest
2023-10-10 20:54:52,609 INFO m.WDListener [WDListener.java:21] Start searching element by locator --> By.xpath: //*[.='LOGIN']
2023-10-10 20:54:52,625 INFO m.WDListener [WDListener.java:27] Element with locator --> By.xpath: //*[.='LOGIN'] is found
2023-10-10 20:54:52,674 INFO m.WDListener [WDListener.java:21] Start searching element by locator --> By.xpath: //input[1]
2023-10-10 20:54:52,687 INFO m.WDListener [WDListener.java:27] Element with locator --> By.xpath: //input[1] is found
2023-10-10 20:54:52,862 INFO m.WDListener [WDListener.java:21] Start searching element by locator --> By.xpath: //input[2]
2023-10-10 20:54:52,874 INFO m.WDListener [WDListener.java:27] Element with locator --> By.xpath: //input[2] is found
2023-10-10 20:54:53,032 INFO m.WDListener [WDListener.java:21] Start searching element by locator --> By.xpath: //button[1]
2023-10-10 20:54:53,044 INFO m.WDListener [WDListener.java:27] Element with locator --> By.xpath: //button[1] is found
2023-10-10 20:54:56,088 INFO m.WDListener [WDListener.java:21] Start searching element by locator --> By.tagName: button
2023-10-10 20:54:56,094 INFO m.WDListener [WDListener.java:34] Something went wrong!!!
2023-10-10 20:54:56,094 INFO m.WDListener [WDListener.java:35] no such window: target window already closed
from unknown error: web view not found
  (Session info: chrome=116.0.5845.188)
Build info: version: '3.141.59', revision: 'e82be7d358', time: '2018-11-14T08:17:03'
System info: host: 'LAPTOP-7OQN3UU0', ip: '10.100.102.10', os.name: 'Windows 10', os.arch: 'amd64', os.version: '10.0', java.version: '15.0.2'
Driver info: org.openqa.selenium.chrome.ChromeDriver
Capabilities {acceptInsecureCerts: false, browserName: chrome, browserVersion: 116.0.5845.188, chrome: {chromedriverVersion: 116.0.5845.96 (1a3918166880..., userDataDir: C:\Users\nikan\AppData\Loca...}, fedcm:accounts: true, goog:chromeOptions: {debuggerAddress: localhost:62085}, javascriptEnabled: true, networkConnectionEnabled: false, pageLoadStrategy: normal, platform: WINDOWS, platformName: WINDOWS, proxy: Proxy(), setWindowRect: true, strictFileInteractability: false, timeouts: {implicit: 0, pageLoad: 300000, script: 30000}, unhandledPromptBehavior: dismiss and notify, webauthn:extension:credBlob: true, webauthn:extension:largeBlob: true, webauthn:extension:minPinLength: true, webauthn:extension:prf: true, webauthn:virtualAuthenticators: true}
Session ID: 1be2c0fa4dc22ad1886256ca9be56a6f
*** Element info: {Using=tag name, value=button}
2023-10-10 20:54:56,095 INFO m.WDListener [WDListener.java:36] org.openqa.selenium.NoSuchWindowException: no such window: target window already closed
from unknown error: web view not found
  (Session info: chrome=116.0.5845.188)
Build info: version: '3.141.59', revision: 'e82be7d358', time: '2018-11-14T08:17:03'
System info: host: 'LAPTOP-7OQN3UU0', ip: '10.100.102.10', os.name: 'Windows 10', os.arch: 'amd64', os.version: '10.0', java.version: '15.0.2'
Driver info: org.openqa.selenium.chrome.ChromeDriver
Capabilities {acceptInsecureCerts: false, browserName: chrome, browserVersion: 116.0.5845.188, chrome: {chromedriverVersion: 116.0.5845.96 (1a3918166880..., userDataDir: C:\Users\nikan\AppData\Loca...}, fedcm:accounts: true, goog:chromeOptions: {debuggerAddress: localhost:62085}, javascriptEnabled: true, networkConnectionEnabled: false, pageLoadStrategy: normal, platform: WINDOWS, platformName: WINDOWS, proxy: Proxy(), setWindowRect: true, strictFileInteractability: false, timeouts: {implicit: 0, pageLoad: 300000, script: 30000}, unhandledPromptBehavior: dismiss and notify, webauthn:extension:credBlob: true, webauthn:extension:largeBlob: true, webauthn:extension:minPinLength: true, webauthn:extension:prf: true, webauthn:virtualAuthenticators: true}
Session ID: 1be2c0fa4dc22ad1886256ca9be56a6f
*** Element info: {Using=tag name, value=button}
2023-10-10 20:54:56,103 INFO m.NGListener [NGListener.java:29] Failure test --> org.openqa.selenium.NoSuchWindowException: no such window: target window already closed
from unknown error: web view not found
  (Session info: chrome=116.0.5845.188)
Build info: version: '3.141.59', revision: 'e82be7d358', time: '2018-11-14T08:17:03'
System info: host: 'LAPTOP-7OQN3UU0', ip: '10.100.102.10', os.name: 'Windows 10', os.arch: 'amd64', os.version: '10.0', java.version: '15.0.2'
Driver info: org.openqa.selenium.chrome.ChromeDriver
Capabilities {acceptInsecureCerts: false, browserName: chrome, browserVersion: 116.0.5845.188, chrome: {chromedriverVersion: 116.0.5845.96 (1a3918166880..., userDataDir: C:\Users\nikan\AppData\Loca...}, fedcm:accounts: true, goog:chromeOptions: {debuggerAddress: localhost:62085}, javascriptEnabled: true, networkConnectionEnabled: false, pageLoadStrategy: normal, platform: WINDOWS, platformName: WINDOWS, proxy: Proxy(), setWindowRect: true, strictFileInteractability: false, timeouts: {implicit: 0, pageLoad: 300000, script: 30000}, unhandledPromptBehavior: dismiss and notify, webauthn:extension:credBlob: true, webauthn:extension:largeBlob: true, webauthn:extension:minPinLength: true, webauthn:extension:prf: true, webauthn:virtualAuthenticators: true}
Session ID: 1be2c0fa4dc22ad1886256ca9be56a6f
2023-10-10 20:54:56,105 INFO t.TestBase [TestBase.java:39] Finished test ----> loginPositiveTest
2023-10-10 20:54:56,105 INFO t.TestBase [TestBase.java:40] ================================================================
2023-10-10 20:54:56,107 INFO t.TestBase [TestBase.java:34] Started test ----> loginPositiveTestModel
2023-10-10 20:54:56,107 INFO m.NGListener [NGListener.java:16] Start of the test --> loginPositiveTestModel
2023-10-10 20:54:56,109 INFO m.WDListener [WDListener.java:21] Start searching element by locator --> By.xpath: //*[.='LOGIN']
2023-10-10 20:54:56,115 INFO m.WDListener [WDListener.java:34] Something went wrong!!!
2023-10-10 20:54:56,115 INFO m.WDListener [WDListener.java:35] no such window: target window already closed
from unknown error: web view not found
  (Session info: chrome=116.0.5845.188)
Build info: version: '3.141.59', revision: 'e82be7d358', time: '2018-11-14T08:17:03'
System info: host: 'LAPTOP-7OQN3UU0', ip: '10.100.102.10', os.name: 'Windows 10', os.arch: 'amd64', os.version: '10.0', java.version: '15.0.2'
Driver info: org.openqa.selenium.chrome.ChromeDriver
Capabilities {acceptInsecureCerts: false, browserName: chrome, browserVersion: 116.0.5845.188, chrome: {chromedriverVersion: 116.0.5845.96 (1a3918166880..., userDataDir: C:\Users\nikan\AppData\Loca...}, fedcm:accounts: true, goog:chromeOptions: {debuggerAddress: localhost:62085}, javascriptEnabled: true, networkConnectionEnabled: false, pageLoadStrategy: normal, platform: WINDOWS, platformName: WINDOWS, proxy: Proxy(), setWindowRect: true, strictFileInteractability: false, timeouts: {implicit: 0, pageLoad: 300000, script: 30000}, unhandledPromptBehavior: dismiss and notify, webauthn:extension:credBlob: true, webauthn:extension:largeBlob: true, webauthn:extension:minPinLength: true, webauthn:extension:prf: true, webauthn:virtualAuthenticators: true}
Session ID: 1be2c0fa4dc22ad1886256ca9be56a6f
*** Element info: {Using=xpath, value=//*[.='LOGIN']}
2023-10-10 20:54:56,116 INFO m.WDListener [WDListener.java:36] org.openqa.selenium.NoSuchWindowException: no such window: target window already closed
from unknown error: web view not found
  (Session info: chrome=116.0.5845.188)
Build info: version: '3.141.59', revision: 'e82be7d358', time: '2018-11-14T08:17:03'
System info: host: 'LAPTOP-7OQN3UU0', ip: '10.100.102.10', os.name: 'Windows 10', os.arch: 'amd64', os.version: '10.0', java.version: '15.0.2'
Driver info: org.openqa.selenium.chrome.ChromeDriver
Capabilities {acceptInsecureCerts: false, browserName: chrome, browserVersion: 116.0.5845.188, chrome: {chromedriverVersion: 116.0.5845.96 (1a3918166880..., userDataDir: C:\Users\nikan\AppData\Loca...}, fedcm:accounts: true, goog:chromeOptions: {debuggerAddress: localhost:62085}, javascriptEnabled: true, networkConnectionEnabled: false, pageLoadStrategy: normal, platform: WINDOWS, platformName: WINDOWS, proxy: Proxy(), setWindowRect: true, strictFileInteractability: false, timeouts: {implicit: 0, pageLoad: 300000, script: 30000}, unhandledPromptBehavior: dismiss and notify, webauthn:extension:credBlob: true, webauthn:extension:largeBlob: true, webauthn:extension:minPinLength: true, webauthn:extension:prf: true, webauthn:virtualAuthenticators: true}
Session ID: 1be2c0fa4dc22ad1886256ca9be56a6f
*** Element info: {Using=xpath, value=//*[.='LOGIN']}
2023-10-10 20:54:56,119 INFO m.NGListener [NGListener.java:29] Failure test --> org.openqa.selenium.NoSuchWindowException: no such window: target window already closed
from unknown error: web view not found
  (Session info: chrome=116.0.5845.188)
Build info: version: '3.141.59', revision: 'e82be7d358', time: '2018-11-14T08:17:03'
System info: host: 'LAPTOP-7OQN3UU0', ip: '10.100.102.10', os.name: 'Windows 10', os.arch: 'amd64', os.version: '10.0', java.version: '15.0.2'
Driver info: org.openqa.selenium.chrome.ChromeDriver
Capabilities {acceptInsecureCerts: false, browserName: chrome, browserVersion: 116.0.5845.188, chrome: {chromedriverVersion: 116.0.5845.96 (1a3918166880..., userDataDir: C:\Users\nikan\AppData\Loca...}, fedcm:accounts: true, goog:chromeOptions: {debuggerAddress: localhost:62085}, javascriptEnabled: true, networkConnectionEnabled: false, pageLoadStrategy: normal, platform: WINDOWS, platformName: WINDOWS, proxy: Proxy(), setWindowRect: true, strictFileInteractability: false, timeouts: {implicit: 0, pageLoad: 300000, script: 30000}, unhandledPromptBehavior: dismiss and notify, webauthn:extension:credBlob: true, webauthn:extension:largeBlob: true, webauthn:extension:minPinLength: true, webauthn:extension:prf: true, webauthn:virtualAuthenticators: true}
Session ID: 1be2c0fa4dc22ad1886256ca9be56a6f
2023-10-10 20:54:56,120 INFO t.TestBase [TestBase.java:39] Finished test ----> loginPositiveTestModel
2023-10-10 20:54:56,120 INFO t.TestBase [TestBase.java:40] ================================================================
2023-10-10 20:54:56,703 INFO m.ApplicationManager [ApplicationManager.java:49] Tests completed
